<?xml version="1.0" encoding="UTF-8"?>
<testsuite xmlns:xsi="http://www.w3.org/2001/XMLSchema-instance" xsi:noNamespaceSchemaLocation="https://maven.apache.org/surefire/maven-surefire-plugin/xsd/surefire-test-report-3.0.xsd" version="3.0" name="TestSuite" time="10.148" tests="4" errors="0" skipped="0" failures="0">
  <properties>
    <property name="java.specification.version" value="17"/>
    <property name="sun.jnu.encoding" value="UTF-8"/>
    <property name="java.class.path" value="/Users/alex/ClipMasterFramework/target/test-classes:/Users/alex/ClipMasterFramework/target/classes:/Users/alex/.m2/repository/org/seleniumhq/selenium/selenium-java/4.8.1/selenium-java-4.8.1.jar:/Users/alex/.m2/repository/org/seleniumhq/selenium/selenium-api/4.8.1/selenium-api-4.8.1.jar:/Users/alex/.m2/repository/org/seleniumhq/selenium/selenium-chrome-driver/4.8.1/selenium-chrome-driver-4.8.1.jar:/Users/alex/.m2/repository/org/seleniumhq/selenium/selenium-chromium-driver/4.8.1/selenium-chromium-driver-4.8.1.jar:/Users/alex/.m2/repository/org/seleniumhq/selenium/selenium-devtools-v108/4.8.1/selenium-devtools-v108-4.8.1.jar:/Users/alex/.m2/repository/org/seleniumhq/selenium/selenium-devtools-v109/4.8.1/selenium-devtools-v109-4.8.1.jar:/Users/alex/.m2/repository/org/seleniumhq/selenium/selenium-devtools-v110/4.8.1/selenium-devtools-v110-4.8.1.jar:/Users/alex/.m2/repository/org/seleniumhq/selenium/selenium-devtools-v85/4.8.1/selenium-devtools-v85-4.8.1.jar:/Users/alex/.m2/repository/org/seleniumhq/selenium/selenium-edge-driver/4.8.1/selenium-edge-driver-4.8.1.jar:/Users/alex/.m2/repository/org/seleniumhq/selenium/selenium-firefox-driver/4.8.1/selenium-firefox-driver-4.8.1.jar:/Users/alex/.m2/repository/org/seleniumhq/selenium/selenium-http/4.8.1/selenium-http-4.8.1.jar:/Users/alex/.m2/repository/dev/failsafe/failsafe/3.3.0/failsafe-3.3.0.jar:/Users/alex/.m2/repository/org/seleniumhq/selenium/selenium-ie-driver/4.8.1/selenium-ie-driver-4.8.1.jar:/Users/alex/.m2/repository/org/seleniumhq/selenium/selenium-remote-driver/4.8.1/selenium-remote-driver-4.8.1.jar:/Users/alex/.m2/repository/io/netty/netty-buffer/4.1.87.Final/netty-buffer-4.1.87.Final.jar:/Users/alex/.m2/repository/io/netty/netty-codec-http/4.1.87.Final/netty-codec-http-4.1.87.Final.jar:/Users/alex/.m2/repository/io/netty/netty-codec/4.1.87.Final/netty-codec-4.1.87.Final.jar:/Users/alex/.m2/repository/io/netty/netty-handler/4.1.87.Final/netty-handler-4.1.87.Final.jar:/Users/alex/.m2/repository/io/netty/netty-common/4.1.87.Final/netty-common-4.1.87.Final.jar:/Users/alex/.m2/repository/io/netty/netty-transport-classes-epoll/4.1.87.Final/netty-transport-classes-epoll-4.1.87.Final.jar:/Users/alex/.m2/repository/io/netty/netty-transport-classes-kqueue/4.1.87.Final/netty-transport-classes-kqueue-4.1.87.Final.jar:/Users/alex/.m2/repository/io/netty/netty-transport-native-epoll/4.1.87.Final/netty-transport-native-epoll-4.1.87.Final.jar:/Users/alex/.m2/repository/io/netty/netty-transport-native-kqueue/4.1.87.Final/netty-transport-native-kqueue-4.1.87.Final.jar:/Users/alex/.m2/repository/io/netty/netty-transport-native-unix-common/4.1.87.Final/netty-transport-native-unix-common-4.1.87.Final.jar:/Users/alex/.m2/repository/io/netty/netty-transport/4.1.87.Final/netty-transport-4.1.87.Final.jar:/Users/alex/.m2/repository/io/netty/netty-resolver/4.1.87.Final/netty-resolver-4.1.87.Final.jar:/Users/alex/.m2/repository/io/opentelemetry/opentelemetry-api/1.22.0/opentelemetry-api-1.22.0.jar:/Users/alex/.m2/repository/io/opentelemetry/opentelemetry-context/1.22.0/opentelemetry-context-1.22.0.jar:/Users/alex/.m2/repository/io/opentelemetry/opentelemetry-exporter-logging/1.22.0/opentelemetry-exporter-logging-1.22.0.jar:/Users/alex/.m2/repository/io/opentelemetry/opentelemetry-sdk-metrics/1.22.0/opentelemetry-sdk-metrics-1.22.0.jar:/Users/alex/.m2/repository/io/opentelemetry/opentelemetry-sdk-logs/1.22.0-alpha/opentelemetry-sdk-logs-1.22.0-alpha.jar:/Users/alex/.m2/repository/io/opentelemetry/opentelemetry-api-logs/1.22.0-alpha/opentelemetry-api-logs-1.22.0-alpha.jar:/Users/alex/.m2/repository/io/opentelemetry/opentelemetry-sdk-common/1.22.0/opentelemetry-sdk-common-1.22.0.jar:/Users/alex/.m2/repository/io/opentelemetry/opentelemetry-sdk-extension-autoconfigure-spi/1.22.0/opentelemetry-sdk-extension-autoconfigure-spi-1.22.0.jar:/Users/alex/.m2/repository/io/opentelemetry/opentelemetry-sdk-extension-autoconfigure/1.22.0-alpha/opentelemetry-sdk-extension-autoconfigure-1.22.0-alpha.jar:/Users/alex/.m2/repository/io/opentelemetry/opentelemetry-sdk-trace/1.22.0/opentelemetry-sdk-trace-1.22.0.jar:/Users/alex/.m2/repository/io/opentelemetry/opentelemetry-sdk/1.22.0/opentelemetry-sdk-1.22.0.jar:/Users/alex/.m2/repository/io/opentelemetry/opentelemetry-semconv/1.22.0-alpha/opentelemetry-semconv-1.22.0-alpha.jar:/Users/alex/.m2/repository/io/ous/jtoml/2.0.0/jtoml-2.0.0.jar:/Users/alex/.m2/repository/org/apache/commons/commons-exec/1.3/commons-exec-1.3.jar:/Users/alex/.m2/repository/org/asynchttpclient/async-http-client/2.12.3/async-http-client-2.12.3.jar:/Users/alex/.m2/repository/org/asynchttpclient/async-http-client-netty-utils/2.12.3/async-http-client-netty-utils-2.12.3.jar:/Users/alex/.m2/repository/io/netty/netty-codec-socks/4.1.60.Final/netty-codec-socks-4.1.60.Final.jar:/Users/alex/.m2/repository/io/netty/netty-handler-proxy/4.1.60.Final/netty-handler-proxy-4.1.60.Final.jar:/Users/alex/.m2/repository/io/netty/netty-transport-native-epoll/4.1.60.Final/netty-transport-native-epoll-4.1.60.Final-linux-x86_64.jar:/Users/alex/.m2/repository/io/netty/netty-transport-native-kqueue/4.1.60.Final/netty-transport-native-kqueue-4.1.60.Final-osx-x86_64.jar:/Users/alex/.m2/repository/org/reactivestreams/reactive-streams/1.0.3/reactive-streams-1.0.3.jar:/Users/alex/.m2/repository/com/typesafe/netty/netty-reactive-streams/2.0.4/netty-reactive-streams-2.0.4.jar:/Users/alex/.m2/repository/com/sun/activation/jakarta.activation/1.2.2/jakarta.activation-1.2.2.jar:/Users/alex/.m2/repository/org/seleniumhq/selenium/selenium-manager/4.8.1/selenium-manager-4.8.1.jar:/Users/alex/.m2/repository/org/seleniumhq/selenium/selenium-safari-driver/4.8.1/selenium-safari-driver-4.8.1.jar:/Users/alex/.m2/repository/org/testng/testng/7.3.0/testng-7.3.0.jar:/Users/alex/.m2/repository/com/beust/jcommander/1.78/jcommander-1.78.jar:/Users/alex/.m2/repository/org/apache/ant/ant/1.10.3/ant-1.10.3.jar:/Users/alex/.m2/repository/org/apache/ant/ant-launcher/1.10.3/ant-launcher-1.10.3.jar:/Users/alex/.m2/repository/com/google/inject/guice/4.2.2/guice-4.2.2-no_aop.jar:/Users/alex/.m2/repository/javax/inject/javax.inject/1/javax.inject-1.jar:/Users/alex/.m2/repository/aopalliance/aopalliance/1.0/aopalliance-1.0.jar:/Users/alex/.m2/repository/org/yaml/snakeyaml/1.21/snakeyaml-1.21.jar:/Users/alex/.m2/repository/org/seleniumhq/selenium/selenium-support/4.8.1/selenium-support-4.8.1.jar:/Users/alex/.m2/repository/com/google/auto/service/auto-service-annotations/1.0.1/auto-service-annotations-1.0.1.jar:/Users/alex/.m2/repository/com/google/auto/service/auto-service/1.0.1/auto-service-1.0.1.jar:/Users/alex/.m2/repository/com/google/auto/auto-common/1.2/auto-common-1.2.jar:/Users/alex/.m2/repository/com/google/guava/guava/31.1-jre/guava-31.1-jre.jar:/Users/alex/.m2/repository/com/google/guava/failureaccess/1.0.1/failureaccess-1.0.1.jar:/Users/alex/.m2/repository/com/google/guava/listenablefuture/9999.0-empty-to-avoid-conflict-with-guava/listenablefuture-9999.0-empty-to-avoid-conflict-with-guava.jar:/Users/alex/.m2/repository/com/google/code/findbugs/jsr305/3.0.2/jsr305-3.0.2.jar:/Users/alex/.m2/repository/org/checkerframework/checker-qual/3.12.0/checker-qual-3.12.0.jar:/Users/alex/.m2/repository/com/google/errorprone/error_prone_annotations/2.11.0/error_prone_annotations-2.11.0.jar:/Users/alex/.m2/repository/com/google/j2objc/j2objc-annotations/1.3/j2objc-annotations-1.3.jar:/Users/alex/.m2/repository/net/bytebuddy/byte-buddy/1.12.22/byte-buddy-1.12.22.jar:/Users/alex/.m2/repository/org/seleniumhq/selenium/selenium-json/4.8.1/selenium-json-4.8.1.jar:/Users/alex/.m2/repository/com/fasterxml/jackson/core/jackson-databind/2.16.0-rc1/jackson-databind-2.16.0-rc1.jar:/Users/alex/.m2/repository/com/fasterxml/jackson/core/jackson-annotations/2.16.0-rc1/jackson-annotations-2.16.0-rc1.jar:/Users/alex/.m2/repository/com/fasterxml/jackson/core/jackson-core/2.16.0-rc1/jackson-core-2.16.0-rc1.jar:/Users/alex/.m2/repository/io/github/bonigarcia/webdrivermanager/5.6.2/webdrivermanager-5.6.2.jar:/Users/alex/.m2/repository/org/slf4j/slf4j-api/2.0.9/slf4j-api-2.0.9.jar:/Users/alex/.m2/repository/com/google/code/gson/gson/2.10.1/gson-2.10.1.jar:/Users/alex/.m2/repository/com/github/docker-java/docker-java/3.3.4/docker-java-3.3.4.jar:/Users/alex/.m2/repository/com/github/docker-java/docker-java-core/3.3.4/docker-java-core-3.3.4.jar:/Users/alex/.m2/repository/com/github/docker-java/docker-java-api/3.3.4/docker-java-api-3.3.4.jar:/Users/alex/.m2/repository/commons-io/commons-io/2.13.0/commons-io-2.13.0.jar:/Users/alex/.m2/repository/org/bouncycastle/bcpkix-jdk18on/1.76/bcpkix-jdk18on-1.76.jar:/Users/alex/.m2/repository/org/bouncycastle/bcprov-jdk18on/1.76/bcprov-jdk18on-1.76.jar:/Users/alex/.m2/repository/org/bouncycastle/bcutil-jdk18on/1.76/bcutil-jdk18on-1.76.jar:/Users/alex/.m2/repository/org/slf4j/jcl-over-slf4j/1.7.30/jcl-over-slf4j-1.7.30.jar:/Users/alex/.m2/repository/com/github/docker-java/docker-java-transport-httpclient5/3.3.4/docker-java-transport-httpclient5-3.3.4.jar:/Users/alex/.m2/repository/com/github/docker-java/docker-java-transport/3.3.4/docker-java-transport-3.3.4.jar:/Users/alex/.m2/repository/net/java/dev/jna/jna/5.13.0/jna-5.13.0.jar:/Users/alex/.m2/repository/org/brotli/dec/0.1.2/dec-0.1.2.jar:/Users/alex/.m2/repository/org/apache/commons/commons-lang3/3.13.0/commons-lang3-3.13.0.jar:/Users/alex/.m2/repository/org/apache/commons/commons-compress/1.24.0/commons-compress-1.24.0.jar:/Users/alex/.m2/repository/org/apache/httpcomponents/client5/httpclient5/5.2.1/httpclient5-5.2.1.jar:/Users/alex/.m2/repository/org/apache/httpcomponents/core5/httpcore5/5.2/httpcore5-5.2.jar:/Users/alex/.m2/repository/org/apache/httpcomponents/core5/httpcore5-h2/5.2/httpcore5-h2-5.2.jar:/Users/alex/.m2/repository/io/rest-assured/rest-assured/5.4.0/rest-assured-5.4.0.jar:/Users/alex/.m2/repository/org/apache/groovy/groovy/4.0.16/groovy-4.0.16.jar:/Users/alex/.m2/repository/org/apache/groovy/groovy-xml/4.0.16/groovy-xml-4.0.16.jar:/Users/alex/.m2/repository/org/apache/httpcomponents/httpclient/4.5.13/httpclient-4.5.13.jar:/Users/alex/.m2/repository/org/apache/httpcomponents/httpcore/4.4.13/httpcore-4.4.13.jar:/Users/alex/.m2/repository/commons-logging/commons-logging/1.2/commons-logging-1.2.jar:/Users/alex/.m2/repository/commons-codec/commons-codec/1.11/commons-codec-1.11.jar:/Users/alex/.m2/repository/org/apache/httpcomponents/httpmime/4.5.13/httpmime-4.5.13.jar:/Users/alex/.m2/repository/org/hamcrest/hamcrest/2.2/hamcrest-2.2.jar:/Users/alex/.m2/repository/org/ccil/cowan/tagsoup/tagsoup/1.2.1/tagsoup-1.2.1.jar:/Users/alex/.m2/repository/io/rest-assured/json-path/5.4.0/json-path-5.4.0.jar:/Users/alex/.m2/repository/org/apache/groovy/groovy-json/4.0.16/groovy-json-4.0.16.jar:/Users/alex/.m2/repository/io/rest-assured/rest-assured-common/5.4.0/rest-assured-common-5.4.0.jar:/Users/alex/.m2/repository/io/rest-assured/xml-path/5.4.0/xml-path-5.4.0.jar:/Users/alex/.m2/repository/org/jsoup/jsoup/1.17.2/jsoup-1.17.2.jar:/Users/alex/.m2/repository/com/github/javafaker/javafaker/1.0.2/javafaker-1.0.2.jar:/Users/alex/.m2/repository/org/yaml/snakeyaml/1.23/snakeyaml-1.23-android.jar:/Users/alex/.m2/repository/com/github/mifmif/generex/1.0.2/generex-1.0.2.jar:/Users/alex/.m2/repository/dk/brics/automaton/automaton/1.11-8/automaton-1.11-8.jar:/Users/alex/.m2/repository/junit/junit/4.13.2/junit-4.13.2.jar:/Users/alex/.m2/repository/org/hamcrest/hamcrest-core/1.3/hamcrest-core-1.3.jar:/Users/alex/.m2/repository/com/dorkbox/PropertyLoader/1.2/PropertyLoader-1.2.jar:/Users/alex/.m2/repository/org/assertj/assertj-core/3.21.0/assertj-core-3.21.0.jar:/Users/alex/.m2/repository/io/qameta/allure/allure-testng/2.25.0/allure-testng-2.25.0.jar:/Users/alex/.m2/repository/io/qameta/allure/allure-java-commons/2.25.0/allure-java-commons-2.25.0.jar:/Users/alex/.m2/repository/io/qameta/allure/allure-model/2.25.0/allure-model-2.25.0.jar:/Users/alex/.m2/repository/io/qameta/allure/allure-test-filter/2.25.0/allure-test-filter-2.25.0.jar:/Users/alex/.m2/repository/io/qameta/allure/allure-rest-assured/2.25.0/allure-rest-assured-2.25.0.jar:/Users/alex/.m2/repository/io/qameta/allure/allure-attachments/2.25.0/allure-attachments-2.25.0.jar:/Users/alex/.m2/repository/org/freemarker/freemarker/2.3.31/freemarker-2.3.31.jar:"/>
    <property name="java.vm.vendor" value="Homebrew"/>
    <property name="sun.arch.data.model" value="64"/>
    <property name="java.vendor.url" value="https://github.com/Homebrew/homebrew-core/issues"/>
    <property name="user.timezone" value="America/Mexico_City"/>
    <property name="os.name" value="Mac OS X"/>
    <property name="java.vm.specification.version" value="17"/>
    <property name="sun.java.launcher" value="SUN_STANDARD"/>
    <property name="user.country" value="419"/>
    <property name="sun.boot.library.path" value="/opt/homebrew/Cellar/openjdk@17/17.0.9/libexec/openjdk.jdk/Contents/Home/lib"/>
    <property name="sun.java.command" value="/Users/alex/ClipMasterFramework/target/surefire/surefirebooter2860194092270914779.jar /Users/alex/ClipMasterFramework/target/surefire 2024-02-20T21-59-09_558-jvmRun1 surefire2505197990838524466tmp surefire_014100127449132160736tmp"/>
    <property name="http.nonProxyHosts" value="local|*.local|169.254/16|*.169.254/16"/>
    <property name="jdk.debug" value="release"/>
    <property name="surefire.test.class.path" value="/Users/alex/ClipMasterFramework/target/test-classes:/Users/alex/ClipMasterFramework/target/classes:/Users/alex/.m2/repository/org/seleniumhq/selenium/selenium-java/4.8.1/selenium-java-4.8.1.jar:/Users/alex/.m2/repository/org/seleniumhq/selenium/selenium-api/4.8.1/selenium-api-4.8.1.jar:/Users/alex/.m2/repository/org/seleniumhq/selenium/selenium-chrome-driver/4.8.1/selenium-chrome-driver-4.8.1.jar:/Users/alex/.m2/repository/org/seleniumhq/selenium/selenium-chromium-driver/4.8.1/selenium-chromium-driver-4.8.1.jar:/Users/alex/.m2/repository/org/seleniumhq/selenium/selenium-devtools-v108/4.8.1/selenium-devtools-v108-4.8.1.jar:/Users/alex/.m2/repository/org/seleniumhq/selenium/selenium-devtools-v109/4.8.1/selenium-devtools-v109-4.8.1.jar:/Users/alex/.m2/repository/org/seleniumhq/selenium/selenium-devtools-v110/4.8.1/selenium-devtools-v110-4.8.1.jar:/Users/alex/.m2/repository/org/seleniumhq/selenium/selenium-devtools-v85/4.8.1/selenium-devtools-v85-4.8.1.jar:/Users/alex/.m2/repository/org/seleniumhq/selenium/selenium-edge-driver/4.8.1/selenium-edge-driver-4.8.1.jar:/Users/alex/.m2/repository/org/seleniumhq/selenium/selenium-firefox-driver/4.8.1/selenium-firefox-driver-4.8.1.jar:/Users/alex/.m2/repository/org/seleniumhq/selenium/selenium-http/4.8.1/selenium-http-4.8.1.jar:/Users/alex/.m2/repository/dev/failsafe/failsafe/3.3.0/failsafe-3.3.0.jar:/Users/alex/.m2/repository/org/seleniumhq/selenium/selenium-ie-driver/4.8.1/selenium-ie-driver-4.8.1.jar:/Users/alex/.m2/repository/org/seleniumhq/selenium/selenium-remote-driver/4.8.1/selenium-remote-driver-4.8.1.jar:/Users/alex/.m2/repository/io/netty/netty-buffer/4.1.87.Final/netty-buffer-4.1.87.Final.jar:/Users/alex/.m2/repository/io/netty/netty-codec-http/4.1.87.Final/netty-codec-http-4.1.87.Final.jar:/Users/alex/.m2/repository/io/netty/netty-codec/4.1.87.Final/netty-codec-4.1.87.Final.jar:/Users/alex/.m2/repository/io/netty/netty-handler/4.1.87.Final/netty-handler-4.1.87.Final.jar:/Users/alex/.m2/repository/io/netty/netty-common/4.1.87.Final/netty-common-4.1.87.Final.jar:/Users/alex/.m2/repository/io/netty/netty-transport-classes-epoll/4.1.87.Final/netty-transport-classes-epoll-4.1.87.Final.jar:/Users/alex/.m2/repository/io/netty/netty-transport-classes-kqueue/4.1.87.Final/netty-transport-classes-kqueue-4.1.87.Final.jar:/Users/alex/.m2/repository/io/netty/netty-transport-native-epoll/4.1.87.Final/netty-transport-native-epoll-4.1.87.Final.jar:/Users/alex/.m2/repository/io/netty/netty-transport-native-kqueue/4.1.87.Final/netty-transport-native-kqueue-4.1.87.Final.jar:/Users/alex/.m2/repository/io/netty/netty-transport-native-unix-common/4.1.87.Final/netty-transport-native-unix-common-4.1.87.Final.jar:/Users/alex/.m2/repository/io/netty/netty-transport/4.1.87.Final/netty-transport-4.1.87.Final.jar:/Users/alex/.m2/repository/io/netty/netty-resolver/4.1.87.Final/netty-resolver-4.1.87.Final.jar:/Users/alex/.m2/repository/io/opentelemetry/opentelemetry-api/1.22.0/opentelemetry-api-1.22.0.jar:/Users/alex/.m2/repository/io/opentelemetry/opentelemetry-context/1.22.0/opentelemetry-context-1.22.0.jar:/Users/alex/.m2/repository/io/opentelemetry/opentelemetry-exporter-logging/1.22.0/opentelemetry-exporter-logging-1.22.0.jar:/Users/alex/.m2/repository/io/opentelemetry/opentelemetry-sdk-metrics/1.22.0/opentelemetry-sdk-metrics-1.22.0.jar:/Users/alex/.m2/repository/io/opentelemetry/opentelemetry-sdk-logs/1.22.0-alpha/opentelemetry-sdk-logs-1.22.0-alpha.jar:/Users/alex/.m2/repository/io/opentelemetry/opentelemetry-api-logs/1.22.0-alpha/opentelemetry-api-logs-1.22.0-alpha.jar:/Users/alex/.m2/repository/io/opentelemetry/opentelemetry-sdk-common/1.22.0/opentelemetry-sdk-common-1.22.0.jar:/Users/alex/.m2/repository/io/opentelemetry/opentelemetry-sdk-extension-autoconfigure-spi/1.22.0/opentelemetry-sdk-extension-autoconfigure-spi-1.22.0.jar:/Users/alex/.m2/repository/io/opentelemetry/opentelemetry-sdk-extension-autoconfigure/1.22.0-alpha/opentelemetry-sdk-extension-autoconfigure-1.22.0-alpha.jar:/Users/alex/.m2/repository/io/opentelemetry/opentelemetry-sdk-trace/1.22.0/opentelemetry-sdk-trace-1.22.0.jar:/Users/alex/.m2/repository/io/opentelemetry/opentelemetry-sdk/1.22.0/opentelemetry-sdk-1.22.0.jar:/Users/alex/.m2/repository/io/opentelemetry/opentelemetry-semconv/1.22.0-alpha/opentelemetry-semconv-1.22.0-alpha.jar:/Users/alex/.m2/repository/io/ous/jtoml/2.0.0/jtoml-2.0.0.jar:/Users/alex/.m2/repository/org/apache/commons/commons-exec/1.3/commons-exec-1.3.jar:/Users/alex/.m2/repository/org/asynchttpclient/async-http-client/2.12.3/async-http-client-2.12.3.jar:/Users/alex/.m2/repository/org/asynchttpclient/async-http-client-netty-utils/2.12.3/async-http-client-netty-utils-2.12.3.jar:/Users/alex/.m2/repository/io/netty/netty-codec-socks/4.1.60.Final/netty-codec-socks-4.1.60.Final.jar:/Users/alex/.m2/repository/io/netty/netty-handler-proxy/4.1.60.Final/netty-handler-proxy-4.1.60.Final.jar:/Users/alex/.m2/repository/io/netty/netty-transport-native-epoll/4.1.60.Final/netty-transport-native-epoll-4.1.60.Final-linux-x86_64.jar:/Users/alex/.m2/repository/io/netty/netty-transport-native-kqueue/4.1.60.Final/netty-transport-native-kqueue-4.1.60.Final-osx-x86_64.jar:/Users/alex/.m2/repository/org/reactivestreams/reactive-streams/1.0.3/reactive-streams-1.0.3.jar:/Users/alex/.m2/repository/com/typesafe/netty/netty-reactive-streams/2.0.4/netty-reactive-streams-2.0.4.jar:/Users/alex/.m2/repository/com/sun/activation/jakarta.activation/1.2.2/jakarta.activation-1.2.2.jar:/Users/alex/.m2/repository/org/seleniumhq/selenium/selenium-manager/4.8.1/selenium-manager-4.8.1.jar:/Users/alex/.m2/repository/org/seleniumhq/selenium/selenium-safari-driver/4.8.1/selenium-safari-driver-4.8.1.jar:/Users/alex/.m2/repository/org/testng/testng/7.3.0/testng-7.3.0.jar:/Users/alex/.m2/repository/com/beust/jcommander/1.78/jcommander-1.78.jar:/Users/alex/.m2/repository/org/apache/ant/ant/1.10.3/ant-1.10.3.jar:/Users/alex/.m2/repository/org/apache/ant/ant-launcher/1.10.3/ant-launcher-1.10.3.jar:/Users/alex/.m2/repository/com/google/inject/guice/4.2.2/guice-4.2.2-no_aop.jar:/Users/alex/.m2/repository/javax/inject/javax.inject/1/javax.inject-1.jar:/Users/alex/.m2/repository/aopalliance/aopalliance/1.0/aopalliance-1.0.jar:/Users/alex/.m2/repository/org/yaml/snakeyaml/1.21/snakeyaml-1.21.jar:/Users/alex/.m2/repository/org/seleniumhq/selenium/selenium-support/4.8.1/selenium-support-4.8.1.jar:/Users/alex/.m2/repository/com/google/auto/service/auto-service-annotations/1.0.1/auto-service-annotations-1.0.1.jar:/Users/alex/.m2/repository/com/google/auto/service/auto-service/1.0.1/auto-service-1.0.1.jar:/Users/alex/.m2/repository/com/google/auto/auto-common/1.2/auto-common-1.2.jar:/Users/alex/.m2/repository/com/google/guava/guava/31.1-jre/guava-31.1-jre.jar:/Users/alex/.m2/repository/com/google/guava/failureaccess/1.0.1/failureaccess-1.0.1.jar:/Users/alex/.m2/repository/com/google/guava/listenablefuture/9999.0-empty-to-avoid-conflict-with-guava/listenablefuture-9999.0-empty-to-avoid-conflict-with-guava.jar:/Users/alex/.m2/repository/com/google/code/findbugs/jsr305/3.0.2/jsr305-3.0.2.jar:/Users/alex/.m2/repository/org/checkerframework/checker-qual/3.12.0/checker-qual-3.12.0.jar:/Users/alex/.m2/repository/com/google/errorprone/error_prone_annotations/2.11.0/error_prone_annotations-2.11.0.jar:/Users/alex/.m2/repository/com/google/j2objc/j2objc-annotations/1.3/j2objc-annotations-1.3.jar:/Users/alex/.m2/repository/net/bytebuddy/byte-buddy/1.12.22/byte-buddy-1.12.22.jar:/Users/alex/.m2/repository/org/seleniumhq/selenium/selenium-json/4.8.1/selenium-json-4.8.1.jar:/Users/alex/.m2/repository/com/fasterxml/jackson/core/jackson-databind/2.16.0-rc1/jackson-databind-2.16.0-rc1.jar:/Users/alex/.m2/repository/com/fasterxml/jackson/core/jackson-annotations/2.16.0-rc1/jackson-annotations-2.16.0-rc1.jar:/Users/alex/.m2/repository/com/fasterxml/jackson/core/jackson-core/2.16.0-rc1/jackson-core-2.16.0-rc1.jar:/Users/alex/.m2/repository/io/github/bonigarcia/webdrivermanager/5.6.2/webdrivermanager-5.6.2.jar:/Users/alex/.m2/repository/org/slf4j/slf4j-api/2.0.9/slf4j-api-2.0.9.jar:/Users/alex/.m2/repository/com/google/code/gson/gson/2.10.1/gson-2.10.1.jar:/Users/alex/.m2/repository/com/github/docker-java/docker-java/3.3.4/docker-java-3.3.4.jar:/Users/alex/.m2/repository/com/github/docker-java/docker-java-core/3.3.4/docker-java-core-3.3.4.jar:/Users/alex/.m2/repository/com/github/docker-java/docker-java-api/3.3.4/docker-java-api-3.3.4.jar:/Users/alex/.m2/repository/commons-io/commons-io/2.13.0/commons-io-2.13.0.jar:/Users/alex/.m2/repository/org/bouncycastle/bcpkix-jdk18on/1.76/bcpkix-jdk18on-1.76.jar:/Users/alex/.m2/repository/org/bouncycastle/bcprov-jdk18on/1.76/bcprov-jdk18on-1.76.jar:/Users/alex/.m2/repository/org/bouncycastle/bcutil-jdk18on/1.76/bcutil-jdk18on-1.76.jar:/Users/alex/.m2/repository/org/slf4j/jcl-over-slf4j/1.7.30/jcl-over-slf4j-1.7.30.jar:/Users/alex/.m2/repository/com/github/docker-java/docker-java-transport-httpclient5/3.3.4/docker-java-transport-httpclient5-3.3.4.jar:/Users/alex/.m2/repository/com/github/docker-java/docker-java-transport/3.3.4/docker-java-transport-3.3.4.jar:/Users/alex/.m2/repository/net/java/dev/jna/jna/5.13.0/jna-5.13.0.jar:/Users/alex/.m2/repository/org/brotli/dec/0.1.2/dec-0.1.2.jar:/Users/alex/.m2/repository/org/apache/commons/commons-lang3/3.13.0/commons-lang3-3.13.0.jar:/Users/alex/.m2/repository/org/apache/commons/commons-compress/1.24.0/commons-compress-1.24.0.jar:/Users/alex/.m2/repository/org/apache/httpcomponents/client5/httpclient5/5.2.1/httpclient5-5.2.1.jar:/Users/alex/.m2/repository/org/apache/httpcomponents/core5/httpcore5/5.2/httpcore5-5.2.jar:/Users/alex/.m2/repository/org/apache/httpcomponents/core5/httpcore5-h2/5.2/httpcore5-h2-5.2.jar:/Users/alex/.m2/repository/io/rest-assured/rest-assured/5.4.0/rest-assured-5.4.0.jar:/Users/alex/.m2/repository/org/apache/groovy/groovy/4.0.16/groovy-4.0.16.jar:/Users/alex/.m2/repository/org/apache/groovy/groovy-xml/4.0.16/groovy-xml-4.0.16.jar:/Users/alex/.m2/repository/org/apache/httpcomponents/httpclient/4.5.13/httpclient-4.5.13.jar:/Users/alex/.m2/repository/org/apache/httpcomponents/httpcore/4.4.13/httpcore-4.4.13.jar:/Users/alex/.m2/repository/commons-logging/commons-logging/1.2/commons-logging-1.2.jar:/Users/alex/.m2/repository/commons-codec/commons-codec/1.11/commons-codec-1.11.jar:/Users/alex/.m2/repository/org/apache/httpcomponents/httpmime/4.5.13/httpmime-4.5.13.jar:/Users/alex/.m2/repository/org/hamcrest/hamcrest/2.2/hamcrest-2.2.jar:/Users/alex/.m2/repository/org/ccil/cowan/tagsoup/tagsoup/1.2.1/tagsoup-1.2.1.jar:/Users/alex/.m2/repository/io/rest-assured/json-path/5.4.0/json-path-5.4.0.jar:/Users/alex/.m2/repository/org/apache/groovy/groovy-json/4.0.16/groovy-json-4.0.16.jar:/Users/alex/.m2/repository/io/rest-assured/rest-assured-common/5.4.0/rest-assured-common-5.4.0.jar:/Users/alex/.m2/repository/io/rest-assured/xml-path/5.4.0/xml-path-5.4.0.jar:/Users/alex/.m2/repository/org/jsoup/jsoup/1.17.2/jsoup-1.17.2.jar:/Users/alex/.m2/repository/com/github/javafaker/javafaker/1.0.2/javafaker-1.0.2.jar:/Users/alex/.m2/repository/org/yaml/snakeyaml/1.23/snakeyaml-1.23-android.jar:/Users/alex/.m2/repository/com/github/mifmif/generex/1.0.2/generex-1.0.2.jar:/Users/alex/.m2/repository/dk/brics/automaton/automaton/1.11-8/automaton-1.11-8.jar:/Users/alex/.m2/repository/junit/junit/4.13.2/junit-4.13.2.jar:/Users/alex/.m2/repository/org/hamcrest/hamcrest-core/1.3/hamcrest-core-1.3.jar:/Users/alex/.m2/repository/com/dorkbox/PropertyLoader/1.2/PropertyLoader-1.2.jar:/Users/alex/.m2/repository/org/assertj/assertj-core/3.21.0/assertj-core-3.21.0.jar:/Users/alex/.m2/repository/io/qameta/allure/allure-testng/2.25.0/allure-testng-2.25.0.jar:/Users/alex/.m2/repository/io/qameta/allure/allure-java-commons/2.25.0/allure-java-commons-2.25.0.jar:/Users/alex/.m2/repository/io/qameta/allure/allure-model/2.25.0/allure-model-2.25.0.jar:/Users/alex/.m2/repository/io/qameta/allure/allure-test-filter/2.25.0/allure-test-filter-2.25.0.jar:/Users/alex/.m2/repository/io/qameta/allure/allure-rest-assured/2.25.0/allure-rest-assured-2.25.0.jar:/Users/alex/.m2/repository/io/qameta/allure/allure-attachments/2.25.0/allure-attachments-2.25.0.jar:/Users/alex/.m2/repository/org/freemarker/freemarker/2.3.31/freemarker-2.3.31.jar:"/>
    <property name="sun.cpu.endian" value="little"/>
    <property name="user.home" value="/Users/alex"/>
    <property name="user.language" value="es"/>
    <property name="java.specification.vendor" value="Oracle Corporation"/>
    <property name="java.version.date" value="2023-10-17"/>
    <property name="java.home" value="/opt/homebrew/Cellar/openjdk@17/17.0.9/libexec/openjdk.jdk/Contents/Home"/>
    <property name="file.separator" value="/"/>
    <property name="basedir" value="/Users/alex/ClipMasterFramework"/>
    <property name="java.vm.compressedOopsMode" value="Zero based"/>
    <property name="line.separator" value="&#10;"/>
    <property name="java.vm.specification.vendor" value="Oracle Corporation"/>
    <property name="java.specification.name" value="Java Platform API Specification"/>
    <property name="surefire.real.class.path" value="/Users/alex/ClipMasterFramework/target/surefire/surefirebooter2860194092270914779.jar"/>
    <property name="sun.management.compiler" value="HotSpot 64-Bit Tiered Compilers"/>
    <property name="ftp.nonProxyHosts" value="local|*.local|169.254/16|*.169.254/16"/>
    <property name="java.runtime.version" value="17.0.9+0"/>
    <property name="user.name" value="alex"/>
    <property name="path.separator" value=":"/>
    <property name="os.version" value="14.3.1"/>
    <property name="java.runtime.name" value="OpenJDK Runtime Environment"/>
    <property name="file.encoding" value="UTF-8"/>
    <property name="java.vm.name" value="OpenJDK 64-Bit Server VM"/>
    <property name="java.vendor.version" value="Homebrew"/>
    <property name="localRepository" value="/Users/alex/.m2/repository"/>
    <property name="java.vendor.url.bug" value="https://github.com/Homebrew/homebrew-core/issues"/>
    <property name="java.io.tmpdir" value="/var/folders/0z/9t5cpbvd5g3__pxq1b8g4wzc0000gn/T/"/>
    <property name="java.version" value="17.0.9"/>
    <property name="user.dir" value="/Users/alex/ClipMasterFramework"/>
    <property name="os.arch" value="aarch64"/>
    <property name="java.vm.specification.name" value="Java Virtual Machine Specification"/>
    <property name="native.encoding" value="UTF-8"/>
    <property name="java.library.path" value="/Users/alex/Library/Java/Extensions:/Library/Java/Extensions:/Network/Library/Java/Extensions:/System/Library/Java/Extensions:/usr/lib/java:."/>
    <property name="java.vm.info" value="mixed mode, sharing"/>
    <property name="java.vendor" value="Homebrew"/>
    <property name="java.vm.version" value="17.0.9+0"/>
    <property name="sun.io.unicode.encoding" value="UnicodeBig"/>
    <property name="socksNonProxyHosts" value="local|*.local|169.254/16|*.169.254/16"/>
    <property name="java.class.version" value="61.0"/>
  </properties>
  <testcase name="CRUDForCatalog" classname="org.selenium.pom.tests.APITestCases" time="5.147">
    <system-out><![CDATA[Headers:		authority=api-gateway.payclip.com
				accept=application/vnd.com.payclip.v1+json
				accept-language=es-US,es;q=0.9
				Content-Type=application/json
Body:
{
    "email": "alextopeteperea@gmail.com",
    "password": "ATP150493i",
    "type": "LOGIN",
    "source": "M_DASHBOARD"
}
HTTP/1.1 200 OK
Date: Wed, 21 Feb 2024 03:59:15 GMT
Content-Type: application/vnd.com.payclip.v1+json;charset=UTF-8
Content-Length: 293
Connection: keep-alive
Access-Control-Allow-Headers: Content-Type, Content-Length, Accept-Encoding, X-CSRF-Token, Authorization, accept, origin, Cache-Control, X-Requested-With
Access-Control-Allow-Methods: POST, OPTIONS, GET, PUT
Access-Control-Allow-Origin: https://lending.clip.mx, https://dashboard.clip.mx, https://minegocio.clip.mx, https://factura-tu-clip.clip.mx, https://completa-tu-pago.payclip.com, https://clip.mx, https://coupons.payclip.com, https://dashboard.developer.clip.mx, https://dashboard-mfe.clip.mx, https://mf-merchant-dashboard.clip.mx, https://completa-tu-pago3.payclip.com, https://tienda.clip.mx, https://prod-web-onboarding.payclip.com, https://mfe-react-support.payclip.com, https://mfe-mobile-payment-options.payclip.com, https://mfe-business-information.payclip.com, https://mfe-transaction-details.payclip.com, https://pago.clip.mx, https://onboarding.payclip.com
Cache-Control: no-cache, no-store, max-age=0, must-revalidate
Expires: 0
Pragma: no-cache
Vary: Origin
X-Xss-Protection: 1; mode=block
Strict-Transport-Security: max-age=31536000; includeSubDomains; preload;
X-Frame-Options: DENY
X-Content-Type-Options: nosniff
CF-Cache-Status: DYNAMIC
Set-Cookie: __cf_bm=MPXQNWIXoo_VUMFWSw0JeSgiERfoIXetIyMzYjnXjIM-1708487955-1.0-AVNllFjASwUHg16D3rItkDDB4kqcjRpjqPS+i0xVNOMZDsIjIMJLP7N2TWJUd3B+39jWcAr15DkEqLJK/b3Hips=; path=/; expires=Wed, 21-Feb-24 04:29:15 GMT; domain=.payclip.com; HttpOnly; Secure; SameSite=None
Server: cloudflare
CF-RAY: 858c13551fc321a7-GDL

{
    "access_token": "eyJ0eXAiOiJKV1QiLCJhbGciOiJIUzI1NiJ9.eyJpZG4iOiJnaC5mSy1KWTQhLHEmZzxQIiwiaGtpIjoxLCJleHAiOjE3MTE1MTE5NTQsImlhdCI6MTcwODQ4Nzk1NH0.1iH1V7XU2AOFhcomEOyewLdXN1Ebmzrl06aZlFwr40k",
    "country": "MX",
    "app_version_check": {
        "status": "ALLOWED",
        "not_allowed_from": "NA"
    },
    "days_until_exp": null
}
Headers:		accept=application/vnd.com.payclip.v1+json
				accept-language=es-US,es;q=0.9
				authorization=eyJ0eXAiOiJKV1QiLCJhbGciOiJIUzI1NiJ9.eyJpZG4iOiJnaC5mSy1KWTQhLHEmZzxQIiwiaGtpIjoxLCJleHAiOjE3MTE1MTE5NTQsImlhdCI6MTcwODQ4Nzk1NH0.1iH1V7XU2AOFhcomEOyewLdXN1Ebmzrl06aZlFwr40k
				Content-Type=application/json
Body:
{
    "product_name": "Test product",
    "description": "Test description for product",
    "price": 72,
    "stock": null,
    "stock_alert": null,
    "modifiers": [
        
    ],
    "images": [
        
    ]
}
HTTP/1.1 200 OK
Date: Wed, 21 Feb 2024 03:59:17 GMT
Content-Type: application/json
Transfer-Encoding: chunked
Connection: keep-alive
x-amzn-RequestId: 0f7eeebb-6409-4994-bc30-4cde3c91ea62
access-control-allow-origin: *
x-amz-apigw-id: Td87TH5CPHcFbYw=
access-control-allow-methods: GET, OPTIONS, POST, PATCH, DELETE
X-Amzn-Trace-Id: Root=1-65d57514-6795d3c8112c81b15d8fa9cc;Parent=7be848d6e28649fa;Sampled=0;lineage=abf4b437:0|6ef8ccce:0
X-Cache: Miss from cloudfront
Via: 1.1 8532a3901b082c18879f90e2ccf6d2ec.cloudfront.net (CloudFront)
X-Amz-Cf-Pop: QRO51-P2
X-Amz-Cf-Id: 27FL1Q_mcLh-0eMPK9b6ZGIwcjTjpHuknApuleszZ9dOsrzmZkSE3w==
CF-Cache-Status: DYNAMIC
Set-Cookie: __cf_bm=hmTRCzeARtAaHZmqMUckaRYE3jHSo1HDE2IxcC5NR_I-1708487957-1.0-AVF3rc0Y1Bc/WD7RU7a/itMW/vysYf+Apd9OYJMudeVDoFkceom6jCm9jCourA/DFNxTWk+qOPiXQ7V9XbrQ/jE=; path=/; expires=Wed, 21-Feb-24 04:29:17 GMT; domain=.payclip.com; HttpOnly; Secure; SameSite=None
Server: cloudflare
CF-RAY: 858c1360da4a219b-GDL
Content-Encoding: gzip

{
    "meta": {
        "type": "product"
    },
    "messages": [
        
    ],
    "data": {
        "product_id": "1537875e-77a5-417e-9c55-b9943b4e66b6",
        "product_name": "Test product",
        "description": "Test description for product",
        "image": null,
        "version": 1,
        "categories": [
            
        ],
        "modifiers": [
            
        ],
        "number_of_variants": 0,
        "stock": null,
        "sku": null,
        "price": 72.0,
        "attributes": [
            
        ],
        "images": [
            
        ]
    }
}
Body:			<none>
Headers:		accept=application/vnd.com.payclip.v1+json
				accept-language=es-US,es;q=0.9
				authorization=eyJ0eXAiOiJKV1QiLCJhbGciOiJIUzI1NiJ9.eyJpZG4iOiJnaC5mSy1KWTQhLHEmZzxQIiwiaGtpIjoxLCJleHAiOjE3MTE1MTE5NTQsImlhdCI6MTcwODQ4Nzk1NH0.1iH1V7XU2AOFhcomEOyewLdXN1Ebmzrl06aZlFwr40k
HTTP/1.1 204 No Content
Date: Wed, 21 Feb 2024 03:59:17 GMT
Content-Type: application/json
Connection: keep-alive
x-amzn-RequestId: a1ec69ad-b2a3-4fdf-b96c-ef9a4f13e90f
access-control-allow-origin: *
x-amz-apigw-id: Td87aGU1vHcFm8w=
access-control-allow-methods: GET, OPTIONS, POST, PATCH, DELETE
X-Amzn-Trace-Id: Root=1-65d57515-3913f4d064bcb8f9342282e5;Sampled=1;lineage=6ef8ccce:0
X-Cache: Miss from cloudfront
Via: 1.1 cd74b9c9732ecd4ee235366cd1beb3b4.cloudfront.net (CloudFront)
X-Amz-Cf-Pop: QRO51-P2
X-Amz-Cf-Id: oO-lisRx89nath62wx5x3COLGRWYBOzSwCylRbyeGFGnEnAOI3nX5g==
CF-Cache-Status: DYNAMIC
Set-Cookie: __cf_bm=_xvi78xEQI7oELE25J89178bK0RgERE6ttugJkSoCGw-1708487957-1.0-ARSTi7Yv3jqN+eLC8QjUrATZBKV3PsXD/PJNNhSUF8tKmx5hTGvm4IxV2HVW9b6BNO+sjawnA5FBC/sQNzd3V6w=; path=/; expires=Wed, 21-Feb-24 04:29:17 GMT; domain=.payclip.com; HttpOnly; Secure; SameSite=None
Server: cloudflare
CF-RAY: 858c13652c0421b8-GDL
]]></system-out>
    <system-err><![CDATA[SLF4J: No SLF4J providers were found.
SLF4J: Defaulting to no-operation (NOP) logger implementation
SLF4J: See https://www.slf4j.org/codes.html#noProviders for further details.
]]></system-err>
  </testcase>
  <testcase name="CategoriesExec" classname="org.selenium.pom.tests.APITestCases" time="1.007">
    <system-out><![CDATA[Headers:		authority=api-gateway.payclip.com
				accept=application/vnd.com.payclip.v1+json
				accept-language=es-US,es;q=0.9
				Content-Type=application/json
Body:
{
    "email": "alextopeteperea@gmail.com",
    "password": "ATP150493i",
    "type": "LOGIN",
    "source": "M_DASHBOARD"
}
HTTP/1.1 200 OK
Date: Wed, 21 Feb 2024 03:59:18 GMT
Content-Type: application/vnd.com.payclip.v1+json;charset=UTF-8
Content-Length: 293
Connection: keep-alive
Access-Control-Allow-Headers: Content-Type, Content-Length, Accept-Encoding, X-CSRF-Token, Authorization, accept, origin, Cache-Control, X-Requested-With
Access-Control-Allow-Methods: POST, OPTIONS, GET, PUT
Access-Control-Allow-Origin: https://lending.clip.mx, https://dashboard.clip.mx, https://minegocio.clip.mx, https://factura-tu-clip.clip.mx, https://completa-tu-pago.payclip.com, https://clip.mx, https://coupons.payclip.com, https://dashboard.developer.clip.mx, https://dashboard-mfe.clip.mx, https://mf-merchant-dashboard.clip.mx, https://completa-tu-pago3.payclip.com, https://tienda.clip.mx, https://prod-web-onboarding.payclip.com, https://mfe-react-support.payclip.com, https://mfe-mobile-payment-options.payclip.com, https://mfe-business-information.payclip.com, https://mfe-transaction-details.payclip.com, https://pago.clip.mx, https://onboarding.payclip.com
Cache-Control: no-cache, no-store, max-age=0, must-revalidate
Expires: 0
Pragma: no-cache
Vary: Origin
X-Xss-Protection: 1; mode=block
Strict-Transport-Security: max-age=31536000; includeSubDomains; preload;
X-Frame-Options: DENY
X-Content-Type-Options: nosniff
CF-Cache-Status: DYNAMIC
Set-Cookie: __cf_bm=t7IYtNZ0iOviKBgeoZs3WQtS3Z1NnwgBVcTCfYt8hMs-1708487958-1.0-AUkQpkNRW2aY/Ic7hYBMKrZcjIsGmrsOJQrCpLy4ys2WIOMkjDVRsW/+ZR6bgIFZCsRKEsZxjY75L7lq39P/LDg=; path=/; expires=Wed, 21-Feb-24 04:29:18 GMT; domain=.payclip.com; HttpOnly; Secure; SameSite=None
Server: cloudflare
CF-RAY: 858c13690eb121a8-GDL

{
    "access_token": "eyJ0eXAiOiJKV1QiLCJhbGciOiJIUzI1NiJ9.eyJpZG4iOiJHYzw1SDRZKEMpK2xVbTE3IiwiaGtpIjoxLCJleHAiOjE3MTE1MTE5NTgsImlhdCI6MTcwODQ4Nzk1OH0.AgMgW310qG_JUp6BgAZJl5vH2qNySC5LLqpmFINgzo8",
    "country": "MX",
    "app_version_check": {
        "status": "ALLOWED",
        "not_allowed_from": "NA"
    },
    "days_until_exp": null
}
Headers:		accept=application/vnd.com.payclip.v1+json
				accept-language=es-US,es;q=0.9
				authorization=eyJ0eXAiOiJKV1QiLCJhbGciOiJIUzI1NiJ9.eyJpZG4iOiJHYzw1SDRZKEMpK2xVbTE3IiwiaGtpIjoxLCJleHAiOjE3MTE1MTE5NTgsImlhdCI6MTcwODQ4Nzk1OH0.AgMgW310qG_JUp6BgAZJl5vH2qNySC5LLqpmFINgzo8
HTTP/1.1 200 OK
Date: Wed, 21 Feb 2024 03:59:18 GMT
Content-Type: application/json
Transfer-Encoding: chunked
Connection: keep-alive
x-amzn-RequestId: bbb200cc-8c80-4aee-8d66-d534b0197512
access-control-allow-origin: *
x-amz-apigw-id: Td87kEz1PHcF0lw=
access-control-allow-methods: GET, OPTIONS, POST, PATCH, DELETE
X-Amzn-Trace-Id: Root=1-65d57516-75a988f96b927efd18270a92;Parent=76c66b74a401b803;Sampled=0;lineage=abf4b437:0|6ef8ccce:0
X-Cache: Miss from cloudfront
Via: 1.1 9325567e844a5a7a7398664cbce09904.cloudfront.net (CloudFront)
X-Amz-Cf-Pop: QRO51-P2
X-Amz-Cf-Id: -CJOPsBxhWlKOnW_aUhSrowiOOCyieyKsMZFNhQ-3IK0yZVBd3UNlg==
CF-Cache-Status: DYNAMIC
Set-Cookie: __cf_bm=l5r3j0YzwY98IKkAFvw8igIrzMaDCa7DIaGFaq3jSWA-1708487958-1.0-ARODDVoGf7cLdZ7waXOxzGaPiahdyKCe5VyAHb2QPLQw9mQ3fFbOu1ZUy+qBCYiqTgyw3Er/fp5gaNHrrLn5Uv8=; path=/; expires=Wed, 21-Feb-24 04:29:18 GMT; domain=.payclip.com; HttpOnly; Secure; SameSite=None
Server: cloudflare
CF-RAY: 858c136c9b0321a7-GDL
Content-Encoding: gzip

{
    "messages": [
        
    ],
    "data": [
        {
            "category_id": "de7e02fd-fb1a-4ce6-bd9c-4f3862a3117c",
            "category_name": "Fitness",
            "description": null,
            "products": [
                
            ],
            "image": null
        },
        {
            "category_id": "af2f66d9-2adb-4eb8-b292-a43a0cc609db",
            "category_name": "Home",
            "description": null,
            "products": [
                
            ],
            "image": null
        }
    ],
    "meta": {
        "type": "category"
    }
}
]]></system-out>
  </testcase>
  <testcase name="EditInvoiceInformation" classname="org.selenium.pom.tests.APITestCases" time="2.419">
    <system-out><![CDATA[Headers:		authority=api-gateway.payclip.com
				accept=application/vnd.com.payclip.v1+json
				accept-language=es-US,es;q=0.9
				Content-Type=application/json
Body:
{
    "email": "alextopeteperea@gmail.com",
    "password": "ATP150493i",
    "type": "LOGIN",
    "source": "M_DASHBOARD"
}
HTTP/1.1 200 OK
Date: Wed, 21 Feb 2024 03:59:19 GMT
Content-Type: application/vnd.com.payclip.v1+json;charset=UTF-8
Content-Length: 293
Connection: keep-alive
Access-Control-Allow-Headers: Content-Type, Content-Length, Accept-Encoding, X-CSRF-Token, Authorization, accept, origin, Cache-Control, X-Requested-With
Access-Control-Allow-Methods: POST, OPTIONS, GET, PUT
Access-Control-Allow-Origin: https://lending.clip.mx, https://dashboard.clip.mx, https://minegocio.clip.mx, https://factura-tu-clip.clip.mx, https://completa-tu-pago.payclip.com, https://clip.mx, https://coupons.payclip.com, https://dashboard.developer.clip.mx, https://dashboard-mfe.clip.mx, https://mf-merchant-dashboard.clip.mx, https://completa-tu-pago3.payclip.com, https://tienda.clip.mx, https://prod-web-onboarding.payclip.com, https://mfe-react-support.payclip.com, https://mfe-mobile-payment-options.payclip.com, https://mfe-business-information.payclip.com, https://mfe-transaction-details.payclip.com, https://pago.clip.mx, https://onboarding.payclip.com
Cache-Control: no-cache, no-store, max-age=0, must-revalidate
Expires: 0
Pragma: no-cache
Vary: Origin
X-Xss-Protection: 1; mode=block
Strict-Transport-Security: max-age=31536000; includeSubDomains; preload;
X-Frame-Options: DENY
X-Content-Type-Options: nosniff
CF-Cache-Status: DYNAMIC
Set-Cookie: __cf_bm=HK4D_9FlFvExJN9cv59zUtPOIeE9pSiWrdsaDvcI_e0-1708487959-1.0-AauNrKIKed7ypDa0yUlHN5G/9ZXu1O7ixYmXeKLw+Xz4VSnQBo13dyC7OQnrrGPnxnGVxL2yGxtMESPnUdoFl4U=; path=/; expires=Wed, 21-Feb-24 04:29:19 GMT; domain=.payclip.com; HttpOnly; Secure; SameSite=None
Server: cloudflare
CF-RAY: 858c136f4a8e219c-GDL

{
    "access_token": "eyJ0eXAiOiJKV1QiLCJhbGciOiJIUzI1NiJ9.eyJpZG4iOiJvYTZxPDVPJG1Oei4wLWtPIiwiaGtpIjoxLCJleHAiOjE3MTE1MTE5NTksImlhdCI6MTcwODQ4Nzk1OX0.fMR8TvasthAlYFH46Ys2FNyX2pJsktzOr5UOxa_sGPQ",
    "country": "MX",
    "app_version_check": {
        "status": "ALLOWED",
        "not_allowed_from": "NA"
    },
    "days_until_exp": null
}
Body:
{
    "invoicing": {
        "tax_payer_id": "TOPA930415C93",
        "legal_entity_name": "ALEJANDRO TOPETE PEREA",
        "legal_entity_last_name": "",
        "legal_entity_second_last_name": "",
        "entity_type": "PHYSICAL",
        "fiscal_address_postal_code": "44210",
        "sat_tax_regime_code": "626",
        "sat_invoice_use_code": "G03"
    }
}
HTTP/1.1 200 OK
Date: Wed, 21 Feb 2024 03:59:21 GMT
Content-Type: application/json
Transfer-Encoding: chunked
Connection: keep-alive
x-amzn-RequestId: f5fe1e0a-89af-4362-900e-9255a9355063
access-control-allow-origin: *
x-amz-apigw-id: Td87wHjUPHcF5iQ=
access-control-allow-methods: GET, OPTIONS, POST, PATCH
X-Amzn-Trace-Id: Root=1-65d57517-7b1671c965501af411db8990;Parent=0c0595d6c3e1566e;Sampled=0;lineage=abf4b437:0|2282a96f:0
X-Cache: Miss from cloudfront
Via: 1.1 1a0c9726fd3ff718896c0a74999c5884.cloudfront.net (CloudFront)
X-Amz-Cf-Pop: QRO51-P2
X-Amz-Cf-Id: d3qlyHN1BuwAKJRTpKrNMdj-oS84SIzM-niF4NqYTVZ5m_p8ZAwrLg==
CF-Cache-Status: DYNAMIC
Set-Cookie: __cf_bm=hEFDs9gjyN0EQl9oIQDJpQXhODQSvlmCTnTdTZe1.3o-1708487961-1.0-AW0zMTqzk6KY2PQCqr0P5PRyteXDS3qQHt9pnVa1Ee63lMfOlgA8mXZnXKXBMeM9hBKq4DNL8IdZeNTZU1TqJ74=; path=/; expires=Wed, 21-Feb-24 04:29:21 GMT; domain=.payclip.com; HttpOnly; Secure; SameSite=None
Server: cloudflare
CF-RAY: 858c1373dde121b6-GDL
Content-Encoding: gzip

{
    "tax_payer_id": "TOPA930415C93",
    "legal_entity_name": "ALEJANDRO TOPETE PEREA",
    "legal_entity_last_name": "",
    "legal_entity_second_last_name": "",
    "fiscal_address_postal_code": "44210",
    "sat_tax_regime_code": "626",
    "sat_tax_regime_description": "Régimen Simplificado de Confianza",
    "sat_invoice_use_code": "G03",
    "sat_invoice_use_description": "Gastos en general",
    "entity_type": "PHYSICAL"
}
]]></system-out>
  </testcase>
  <testcase name="LoginExec" classname="org.selenium.pom.tests.APITestCases" time="0.527">
    <system-out><![CDATA[Headers:		authority=api-gateway.payclip.com
				accept=application/vnd.com.payclip.v1+json
				accept-language=es-US,es;q=0.9
				Content-Type=application/json
Body:
{
    "email": "alextopeteperea@gmail.com",
    "password": "ATP150493i",
    "type": "LOGIN",
    "source": "M_DASHBOARD"
}
HTTP/1.1 200 OK
Date: Wed, 21 Feb 2024 03:59:21 GMT
Content-Type: application/vnd.com.payclip.v1+json;charset=UTF-8
Content-Length: 293
Connection: keep-alive
Access-Control-Allow-Headers: Content-Type, Content-Length, Accept-Encoding, X-CSRF-Token, Authorization, accept, origin, Cache-Control, X-Requested-With
Access-Control-Allow-Methods: POST, OPTIONS, GET, PUT
Access-Control-Allow-Origin: https://lending.clip.mx, https://dashboard.clip.mx, https://minegocio.clip.mx, https://factura-tu-clip.clip.mx, https://completa-tu-pago.payclip.com, https://clip.mx, https://coupons.payclip.com, https://dashboard.developer.clip.mx, https://dashboard-mfe.clip.mx, https://mf-merchant-dashboard.clip.mx, https://completa-tu-pago3.payclip.com, https://tienda.clip.mx, https://prod-web-onboarding.payclip.com, https://mfe-react-support.payclip.com, https://mfe-mobile-payment-options.payclip.com, https://mfe-business-information.payclip.com, https://mfe-transaction-details.payclip.com, https://pago.clip.mx, https://onboarding.payclip.com
Cache-Control: no-cache, no-store, max-age=0, must-revalidate
Expires: 0
Pragma: no-cache
Vary: Origin
X-Xss-Protection: 1; mode=block
Strict-Transport-Security: max-age=31536000; includeSubDomains; preload;
X-Frame-Options: DENY
X-Content-Type-Options: nosniff
CF-Cache-Status: DYNAMIC
Set-Cookie: __cf_bm=wY0XDM.TQA8jPkRVm_hd4LoTd.QbcvK8wgbbDy5z74g-1708487961-1.0-AWcS7QC9KZU7SnFIC9OnlmmKKZTAURi6BTZZabEWC1OKArUUa5mpkI6Zm7dGgeiUFEULU9uhh3ct1tm4Dh+flik=; path=/; expires=Wed, 21-Feb-24 04:29:21 GMT; domain=.payclip.com; HttpOnly; Secure; SameSite=None
Server: cloudflare
CF-RAY: 858c137e69b521b6-GDL

{
    "access_token": "eyJ0eXAiOiJKV1QiLCJhbGciOiJIUzI1NiJ9.eyJpZG4iOiJ-NVJOVV0-XkJ2LU97Kl4xIiwiaGtpIjoxLCJleHAiOjE3MTE1MTE5NjEsImlhdCI6MTcwODQ4Nzk2MX0.fA0EGZ-ArfYxm9jkSy6LcW2B1DXcniJLGqvsam6getc",
    "country": "MX",
    "app_version_check": {
        "status": "ALLOWED",
        "not_allowed_from": "NA"
    },
    "days_until_exp": null
}
]]></system-out>
  </testcase>
</testsuite>