<?xml version="1.0" encoding="UTF-8"?>
<testsuite xmlns:xsi="http://www.w3.org/2001/XMLSchema-instance" xsi:noNamespaceSchemaLocation="https://maven.apache.org/surefire/maven-surefire-plugin/xsd/surefire-test-report-3.0.xsd" version="3.0" name="TestSuite" time="12.917" tests="4" errors="0" skipped="0" failures="0">
  <properties>
    <property name="java.specification.version" value="17"/>
    <property name="sun.cpu.isalist" value="amd64"/>
    <property name="sun.jnu.encoding" value="Cp1252"/>
    <property name="java.class.path" value="C:\Users\alext\IdeaProjects\ClipMasterFramework\target\test-classes;C:\Users\alext\IdeaProjects\ClipMasterFramework\target\classes;C:\Users\alext\.m2\repository\org\seleniumhq\selenium\selenium-java\4.8.1\selenium-java-4.8.1.jar;C:\Users\alext\.m2\repository\org\seleniumhq\selenium\selenium-api\4.8.1\selenium-api-4.8.1.jar;C:\Users\alext\.m2\repository\org\seleniumhq\selenium\selenium-chrome-driver\4.8.1\selenium-chrome-driver-4.8.1.jar;C:\Users\alext\.m2\repository\org\seleniumhq\selenium\selenium-chromium-driver\4.8.1\selenium-chromium-driver-4.8.1.jar;C:\Users\alext\.m2\repository\org\seleniumhq\selenium\selenium-devtools-v108\4.8.1\selenium-devtools-v108-4.8.1.jar;C:\Users\alext\.m2\repository\org\seleniumhq\selenium\selenium-devtools-v109\4.8.1\selenium-devtools-v109-4.8.1.jar;C:\Users\alext\.m2\repository\org\seleniumhq\selenium\selenium-devtools-v110\4.8.1\selenium-devtools-v110-4.8.1.jar;C:\Users\alext\.m2\repository\org\seleniumhq\selenium\selenium-devtools-v85\4.8.1\selenium-devtools-v85-4.8.1.jar;C:\Users\alext\.m2\repository\org\seleniumhq\selenium\selenium-edge-driver\4.8.1\selenium-edge-driver-4.8.1.jar;C:\Users\alext\.m2\repository\org\seleniumhq\selenium\selenium-firefox-driver\4.8.1\selenium-firefox-driver-4.8.1.jar;C:\Users\alext\.m2\repository\org\seleniumhq\selenium\selenium-http\4.8.1\selenium-http-4.8.1.jar;C:\Users\alext\.m2\repository\dev\failsafe\failsafe\3.3.0\failsafe-3.3.0.jar;C:\Users\alext\.m2\repository\org\seleniumhq\selenium\selenium-ie-driver\4.8.1\selenium-ie-driver-4.8.1.jar;C:\Users\alext\.m2\repository\org\seleniumhq\selenium\selenium-remote-driver\4.8.1\selenium-remote-driver-4.8.1.jar;C:\Users\alext\.m2\repository\io\netty\netty-buffer\4.1.87.Final\netty-buffer-4.1.87.Final.jar;C:\Users\alext\.m2\repository\io\netty\netty-codec-http\4.1.87.Final\netty-codec-http-4.1.87.Final.jar;C:\Users\alext\.m2\repository\io\netty\netty-codec\4.1.87.Final\netty-codec-4.1.87.Final.jar;C:\Users\alext\.m2\repository\io\netty\netty-handler\4.1.87.Final\netty-handler-4.1.87.Final.jar;C:\Users\alext\.m2\repository\io\netty\netty-common\4.1.87.Final\netty-common-4.1.87.Final.jar;C:\Users\alext\.m2\repository\io\netty\netty-transport-classes-epoll\4.1.87.Final\netty-transport-classes-epoll-4.1.87.Final.jar;C:\Users\alext\.m2\repository\io\netty\netty-transport-classes-kqueue\4.1.87.Final\netty-transport-classes-kqueue-4.1.87.Final.jar;C:\Users\alext\.m2\repository\io\netty\netty-transport-native-epoll\4.1.87.Final\netty-transport-native-epoll-4.1.87.Final.jar;C:\Users\alext\.m2\repository\io\netty\netty-transport-native-kqueue\4.1.87.Final\netty-transport-native-kqueue-4.1.87.Final.jar;C:\Users\alext\.m2\repository\io\netty\netty-transport-native-unix-common\4.1.87.Final\netty-transport-native-unix-common-4.1.87.Final.jar;C:\Users\alext\.m2\repository\io\netty\netty-transport\4.1.87.Final\netty-transport-4.1.87.Final.jar;C:\Users\alext\.m2\repository\io\netty\netty-resolver\4.1.87.Final\netty-resolver-4.1.87.Final.jar;C:\Users\alext\.m2\repository\io\opentelemetry\opentelemetry-api\1.22.0\opentelemetry-api-1.22.0.jar;C:\Users\alext\.m2\repository\io\opentelemetry\opentelemetry-context\1.22.0\opentelemetry-context-1.22.0.jar;C:\Users\alext\.m2\repository\io\opentelemetry\opentelemetry-exporter-logging\1.22.0\opentelemetry-exporter-logging-1.22.0.jar;C:\Users\alext\.m2\repository\io\opentelemetry\opentelemetry-sdk-metrics\1.22.0\opentelemetry-sdk-metrics-1.22.0.jar;C:\Users\alext\.m2\repository\io\opentelemetry\opentelemetry-sdk-logs\1.22.0-alpha\opentelemetry-sdk-logs-1.22.0-alpha.jar;C:\Users\alext\.m2\repository\io\opentelemetry\opentelemetry-api-logs\1.22.0-alpha\opentelemetry-api-logs-1.22.0-alpha.jar;C:\Users\alext\.m2\repository\io\opentelemetry\opentelemetry-sdk-common\1.22.0\opentelemetry-sdk-common-1.22.0.jar;C:\Users\alext\.m2\repository\io\opentelemetry\opentelemetry-sdk-extension-autoconfigure-spi\1.22.0\opentelemetry-sdk-extension-autoconfigure-spi-1.22.0.jar;C:\Users\alext\.m2\repository\io\opentelemetry\opentelemetry-sdk-extension-autoconfigure\1.22.0-alpha\opentelemetry-sdk-extension-autoconfigure-1.22.0-alpha.jar;C:\Users\alext\.m2\repository\io\opentelemetry\opentelemetry-sdk-trace\1.22.0\opentelemetry-sdk-trace-1.22.0.jar;C:\Users\alext\.m2\repository\io\opentelemetry\opentelemetry-sdk\1.22.0\opentelemetry-sdk-1.22.0.jar;C:\Users\alext\.m2\repository\io\opentelemetry\opentelemetry-semconv\1.22.0-alpha\opentelemetry-semconv-1.22.0-alpha.jar;C:\Users\alext\.m2\repository\io\ous\jtoml\2.0.0\jtoml-2.0.0.jar;C:\Users\alext\.m2\repository\org\apache\commons\commons-exec\1.3\commons-exec-1.3.jar;C:\Users\alext\.m2\repository\org\asynchttpclient\async-http-client\2.12.3\async-http-client-2.12.3.jar;C:\Users\alext\.m2\repository\org\asynchttpclient\async-http-client-netty-utils\2.12.3\async-http-client-netty-utils-2.12.3.jar;C:\Users\alext\.m2\repository\io\netty\netty-codec-socks\4.1.60.Final\netty-codec-socks-4.1.60.Final.jar;C:\Users\alext\.m2\repository\io\netty\netty-handler-proxy\4.1.60.Final\netty-handler-proxy-4.1.60.Final.jar;C:\Users\alext\.m2\repository\io\netty\netty-transport-native-epoll\4.1.60.Final\netty-transport-native-epoll-4.1.60.Final-linux-x86_64.jar;C:\Users\alext\.m2\repository\io\netty\netty-transport-native-kqueue\4.1.60.Final\netty-transport-native-kqueue-4.1.60.Final-osx-x86_64.jar;C:\Users\alext\.m2\repository\org\reactivestreams\reactive-streams\1.0.3\reactive-streams-1.0.3.jar;C:\Users\alext\.m2\repository\com\typesafe\netty\netty-reactive-streams\2.0.4\netty-reactive-streams-2.0.4.jar;C:\Users\alext\.m2\repository\com\sun\activation\jakarta.activation\1.2.2\jakarta.activation-1.2.2.jar;C:\Users\alext\.m2\repository\org\seleniumhq\selenium\selenium-manager\4.8.1\selenium-manager-4.8.1.jar;C:\Users\alext\.m2\repository\org\seleniumhq\selenium\selenium-safari-driver\4.8.1\selenium-safari-driver-4.8.1.jar;C:\Users\alext\.m2\repository\org\testng\testng\7.3.0\testng-7.3.0.jar;C:\Users\alext\.m2\repository\com\beust\jcommander\1.78\jcommander-1.78.jar;C:\Users\alext\.m2\repository\org\apache\ant\ant\1.10.3\ant-1.10.3.jar;C:\Users\alext\.m2\repository\org\apache\ant\ant-launcher\1.10.3\ant-launcher-1.10.3.jar;C:\Users\alext\.m2\repository\com\google\inject\guice\4.2.2\guice-4.2.2-no_aop.jar;C:\Users\alext\.m2\repository\javax\inject\javax.inject\1\javax.inject-1.jar;C:\Users\alext\.m2\repository\aopalliance\aopalliance\1.0\aopalliance-1.0.jar;C:\Users\alext\.m2\repository\org\yaml\snakeyaml\1.21\snakeyaml-1.21.jar;C:\Users\alext\.m2\repository\org\seleniumhq\selenium\selenium-support\4.8.1\selenium-support-4.8.1.jar;C:\Users\alext\.m2\repository\com\google\auto\service\auto-service-annotations\1.0.1\auto-service-annotations-1.0.1.jar;C:\Users\alext\.m2\repository\com\google\auto\service\auto-service\1.0.1\auto-service-1.0.1.jar;C:\Users\alext\.m2\repository\com\google\auto\auto-common\1.2\auto-common-1.2.jar;C:\Users\alext\.m2\repository\com\google\guava\guava\31.1-jre\guava-31.1-jre.jar;C:\Users\alext\.m2\repository\com\google\guava\failureaccess\1.0.1\failureaccess-1.0.1.jar;C:\Users\alext\.m2\repository\com\google\guava\listenablefuture\9999.0-empty-to-avoid-conflict-with-guava\listenablefuture-9999.0-empty-to-avoid-conflict-with-guava.jar;C:\Users\alext\.m2\repository\com\google\code\findbugs\jsr305\3.0.2\jsr305-3.0.2.jar;C:\Users\alext\.m2\repository\org\checkerframework\checker-qual\3.12.0\checker-qual-3.12.0.jar;C:\Users\alext\.m2\repository\com\google\errorprone\error_prone_annotations\2.11.0\error_prone_annotations-2.11.0.jar;C:\Users\alext\.m2\repository\com\google\j2objc\j2objc-annotations\1.3\j2objc-annotations-1.3.jar;C:\Users\alext\.m2\repository\net\bytebuddy\byte-buddy\1.12.22\byte-buddy-1.12.22.jar;C:\Users\alext\.m2\repository\org\seleniumhq\selenium\selenium-json\4.8.1\selenium-json-4.8.1.jar;C:\Users\alext\.m2\repository\com\fasterxml\jackson\core\jackson-databind\2.16.0-rc1\jackson-databind-2.16.0-rc1.jar;C:\Users\alext\.m2\repository\com\fasterxml\jackson\core\jackson-annotations\2.16.0-rc1\jackson-annotations-2.16.0-rc1.jar;C:\Users\alext\.m2\repository\com\fasterxml\jackson\core\jackson-core\2.16.0-rc1\jackson-core-2.16.0-rc1.jar;C:\Users\alext\.m2\repository\io\github\bonigarcia\webdrivermanager\5.6.2\webdrivermanager-5.6.2.jar;C:\Users\alext\.m2\repository\org\slf4j\slf4j-api\2.0.9\slf4j-api-2.0.9.jar;C:\Users\alext\.m2\repository\com\google\code\gson\gson\2.10.1\gson-2.10.1.jar;C:\Users\alext\.m2\repository\com\github\docker-java\docker-java\3.3.4\docker-java-3.3.4.jar;C:\Users\alext\.m2\repository\com\github\docker-java\docker-java-core\3.3.4\docker-java-core-3.3.4.jar;C:\Users\alext\.m2\repository\com\github\docker-java\docker-java-api\3.3.4\docker-java-api-3.3.4.jar;C:\Users\alext\.m2\repository\commons-io\commons-io\2.13.0\commons-io-2.13.0.jar;C:\Users\alext\.m2\repository\org\bouncycastle\bcpkix-jdk18on\1.76\bcpkix-jdk18on-1.76.jar;C:\Users\alext\.m2\repository\org\bouncycastle\bcprov-jdk18on\1.76\bcprov-jdk18on-1.76.jar;C:\Users\alext\.m2\repository\org\bouncycastle\bcutil-jdk18on\1.76\bcutil-jdk18on-1.76.jar;C:\Users\alext\.m2\repository\org\slf4j\jcl-over-slf4j\1.7.30\jcl-over-slf4j-1.7.30.jar;C:\Users\alext\.m2\repository\com\github\docker-java\docker-java-transport-httpclient5\3.3.4\docker-java-transport-httpclient5-3.3.4.jar;C:\Users\alext\.m2\repository\com\github\docker-java\docker-java-transport\3.3.4\docker-java-transport-3.3.4.jar;C:\Users\alext\.m2\repository\net\java\dev\jna\jna\5.13.0\jna-5.13.0.jar;C:\Users\alext\.m2\repository\org\brotli\dec\0.1.2\dec-0.1.2.jar;C:\Users\alext\.m2\repository\org\apache\commons\commons-lang3\3.13.0\commons-lang3-3.13.0.jar;C:\Users\alext\.m2\repository\org\apache\commons\commons-compress\1.24.0\commons-compress-1.24.0.jar;C:\Users\alext\.m2\repository\org\apache\httpcomponents\client5\httpclient5\5.2.1\httpclient5-5.2.1.jar;C:\Users\alext\.m2\repository\org\apache\httpcomponents\core5\httpcore5\5.2\httpcore5-5.2.jar;C:\Users\alext\.m2\repository\org\apache\httpcomponents\core5\httpcore5-h2\5.2\httpcore5-h2-5.2.jar;C:\Users\alext\.m2\repository\io\rest-assured\rest-assured\5.4.0\rest-assured-5.4.0.jar;C:\Users\alext\.m2\repository\org\apache\groovy\groovy\4.0.16\groovy-4.0.16.jar;C:\Users\alext\.m2\repository\org\apache\groovy\groovy-xml\4.0.16\groovy-xml-4.0.16.jar;C:\Users\alext\.m2\repository\org\apache\httpcomponents\httpclient\4.5.13\httpclient-4.5.13.jar;C:\Users\alext\.m2\repository\org\apache\httpcomponents\httpcore\4.4.13\httpcore-4.4.13.jar;C:\Users\alext\.m2\repository\commons-logging\commons-logging\1.2\commons-logging-1.2.jar;C:\Users\alext\.m2\repository\commons-codec\commons-codec\1.11\commons-codec-1.11.jar;C:\Users\alext\.m2\repository\org\apache\httpcomponents\httpmime\4.5.13\httpmime-4.5.13.jar;C:\Users\alext\.m2\repository\org\hamcrest\hamcrest\2.2\hamcrest-2.2.jar;C:\Users\alext\.m2\repository\org\ccil\cowan\tagsoup\tagsoup\1.2.1\tagsoup-1.2.1.jar;C:\Users\alext\.m2\repository\io\rest-assured\json-path\5.4.0\json-path-5.4.0.jar;C:\Users\alext\.m2\repository\org\apache\groovy\groovy-json\4.0.16\groovy-json-4.0.16.jar;C:\Users\alext\.m2\repository\io\rest-assured\rest-assured-common\5.4.0\rest-assured-common-5.4.0.jar;C:\Users\alext\.m2\repository\io\rest-assured\xml-path\5.4.0\xml-path-5.4.0.jar;C:\Users\alext\.m2\repository\org\jsoup\jsoup\1.17.2\jsoup-1.17.2.jar;C:\Users\alext\.m2\repository\com\github\javafaker\javafaker\1.0.2\javafaker-1.0.2.jar;C:\Users\alext\.m2\repository\org\yaml\snakeyaml\1.23\snakeyaml-1.23-android.jar;C:\Users\alext\.m2\repository\com\github\mifmif\generex\1.0.2\generex-1.0.2.jar;C:\Users\alext\.m2\repository\dk\brics\automaton\automaton\1.11-8\automaton-1.11-8.jar;C:\Users\alext\.m2\repository\junit\junit\4.13.2\junit-4.13.2.jar;C:\Users\alext\.m2\repository\org\hamcrest\hamcrest-core\1.3\hamcrest-core-1.3.jar;C:\Users\alext\.m2\repository\com\dorkbox\PropertyLoader\1.2\PropertyLoader-1.2.jar;C:\Users\alext\.m2\repository\org\assertj\assertj-core\3.21.0\assertj-core-3.21.0.jar;C:\Users\alext\.m2\repository\io\qameta\allure\allure-testng\2.25.0\allure-testng-2.25.0.jar;C:\Users\alext\.m2\repository\io\qameta\allure\allure-java-commons\2.25.0\allure-java-commons-2.25.0.jar;C:\Users\alext\.m2\repository\io\qameta\allure\allure-model\2.25.0\allure-model-2.25.0.jar;C:\Users\alext\.m2\repository\io\qameta\allure\allure-test-filter\2.25.0\allure-test-filter-2.25.0.jar;C:\Users\alext\.m2\repository\io\qameta\allure\allure-rest-assured\2.25.0\allure-rest-assured-2.25.0.jar;C:\Users\alext\.m2\repository\io\qameta\allure\allure-attachments\2.25.0\allure-attachments-2.25.0.jar;C:\Users\alext\.m2\repository\org\freemarker\freemarker\2.3.31\freemarker-2.3.31.jar;"/>
    <property name="java.vm.vendor" value="Oracle Corporation"/>
    <property name="sun.arch.data.model" value="64"/>
    <property name="user.variant" value=""/>
    <property name="java.vendor.url" value="https://java.oracle.com/"/>
    <property name="user.timezone" value="America/Mexico_City"/>
    <property name="os.name" value="Windows 11"/>
    <property name="java.vm.specification.version" value="17"/>
    <property name="sun.java.launcher" value="SUN_STANDARD"/>
    <property name="user.country" value="MX"/>
    <property name="sun.boot.library.path" value="C:\Program Files\Java\jdk-17\bin"/>
    <property name="sun.java.command" value="C:\Users\alext\AppData\Local\Temp\surefire4314111721428022823\surefirebooter9112790032651421227.jar C:\Users\alext\AppData\Local\Temp\surefire4314111721428022823 2024-01-25T15-53-20_668-jvmRun1 surefire11749220180563695897tmp surefire_010598293618501543339tmp"/>
    <property name="jdk.debug" value="release"/>
    <property name="surefire.test.class.path" value="C:\Users\alext\IdeaProjects\ClipMasterFramework\target\test-classes;C:\Users\alext\IdeaProjects\ClipMasterFramework\target\classes;C:\Users\alext\.m2\repository\org\seleniumhq\selenium\selenium-java\4.8.1\selenium-java-4.8.1.jar;C:\Users\alext\.m2\repository\org\seleniumhq\selenium\selenium-api\4.8.1\selenium-api-4.8.1.jar;C:\Users\alext\.m2\repository\org\seleniumhq\selenium\selenium-chrome-driver\4.8.1\selenium-chrome-driver-4.8.1.jar;C:\Users\alext\.m2\repository\org\seleniumhq\selenium\selenium-chromium-driver\4.8.1\selenium-chromium-driver-4.8.1.jar;C:\Users\alext\.m2\repository\org\seleniumhq\selenium\selenium-devtools-v108\4.8.1\selenium-devtools-v108-4.8.1.jar;C:\Users\alext\.m2\repository\org\seleniumhq\selenium\selenium-devtools-v109\4.8.1\selenium-devtools-v109-4.8.1.jar;C:\Users\alext\.m2\repository\org\seleniumhq\selenium\selenium-devtools-v110\4.8.1\selenium-devtools-v110-4.8.1.jar;C:\Users\alext\.m2\repository\org\seleniumhq\selenium\selenium-devtools-v85\4.8.1\selenium-devtools-v85-4.8.1.jar;C:\Users\alext\.m2\repository\org\seleniumhq\selenium\selenium-edge-driver\4.8.1\selenium-edge-driver-4.8.1.jar;C:\Users\alext\.m2\repository\org\seleniumhq\selenium\selenium-firefox-driver\4.8.1\selenium-firefox-driver-4.8.1.jar;C:\Users\alext\.m2\repository\org\seleniumhq\selenium\selenium-http\4.8.1\selenium-http-4.8.1.jar;C:\Users\alext\.m2\repository\dev\failsafe\failsafe\3.3.0\failsafe-3.3.0.jar;C:\Users\alext\.m2\repository\org\seleniumhq\selenium\selenium-ie-driver\4.8.1\selenium-ie-driver-4.8.1.jar;C:\Users\alext\.m2\repository\org\seleniumhq\selenium\selenium-remote-driver\4.8.1\selenium-remote-driver-4.8.1.jar;C:\Users\alext\.m2\repository\io\netty\netty-buffer\4.1.87.Final\netty-buffer-4.1.87.Final.jar;C:\Users\alext\.m2\repository\io\netty\netty-codec-http\4.1.87.Final\netty-codec-http-4.1.87.Final.jar;C:\Users\alext\.m2\repository\io\netty\netty-codec\4.1.87.Final\netty-codec-4.1.87.Final.jar;C:\Users\alext\.m2\repository\io\netty\netty-handler\4.1.87.Final\netty-handler-4.1.87.Final.jar;C:\Users\alext\.m2\repository\io\netty\netty-common\4.1.87.Final\netty-common-4.1.87.Final.jar;C:\Users\alext\.m2\repository\io\netty\netty-transport-classes-epoll\4.1.87.Final\netty-transport-classes-epoll-4.1.87.Final.jar;C:\Users\alext\.m2\repository\io\netty\netty-transport-classes-kqueue\4.1.87.Final\netty-transport-classes-kqueue-4.1.87.Final.jar;C:\Users\alext\.m2\repository\io\netty\netty-transport-native-epoll\4.1.87.Final\netty-transport-native-epoll-4.1.87.Final.jar;C:\Users\alext\.m2\repository\io\netty\netty-transport-native-kqueue\4.1.87.Final\netty-transport-native-kqueue-4.1.87.Final.jar;C:\Users\alext\.m2\repository\io\netty\netty-transport-native-unix-common\4.1.87.Final\netty-transport-native-unix-common-4.1.87.Final.jar;C:\Users\alext\.m2\repository\io\netty\netty-transport\4.1.87.Final\netty-transport-4.1.87.Final.jar;C:\Users\alext\.m2\repository\io\netty\netty-resolver\4.1.87.Final\netty-resolver-4.1.87.Final.jar;C:\Users\alext\.m2\repository\io\opentelemetry\opentelemetry-api\1.22.0\opentelemetry-api-1.22.0.jar;C:\Users\alext\.m2\repository\io\opentelemetry\opentelemetry-context\1.22.0\opentelemetry-context-1.22.0.jar;C:\Users\alext\.m2\repository\io\opentelemetry\opentelemetry-exporter-logging\1.22.0\opentelemetry-exporter-logging-1.22.0.jar;C:\Users\alext\.m2\repository\io\opentelemetry\opentelemetry-sdk-metrics\1.22.0\opentelemetry-sdk-metrics-1.22.0.jar;C:\Users\alext\.m2\repository\io\opentelemetry\opentelemetry-sdk-logs\1.22.0-alpha\opentelemetry-sdk-logs-1.22.0-alpha.jar;C:\Users\alext\.m2\repository\io\opentelemetry\opentelemetry-api-logs\1.22.0-alpha\opentelemetry-api-logs-1.22.0-alpha.jar;C:\Users\alext\.m2\repository\io\opentelemetry\opentelemetry-sdk-common\1.22.0\opentelemetry-sdk-common-1.22.0.jar;C:\Users\alext\.m2\repository\io\opentelemetry\opentelemetry-sdk-extension-autoconfigure-spi\1.22.0\opentelemetry-sdk-extension-autoconfigure-spi-1.22.0.jar;C:\Users\alext\.m2\repository\io\opentelemetry\opentelemetry-sdk-extension-autoconfigure\1.22.0-alpha\opentelemetry-sdk-extension-autoconfigure-1.22.0-alpha.jar;C:\Users\alext\.m2\repository\io\opentelemetry\opentelemetry-sdk-trace\1.22.0\opentelemetry-sdk-trace-1.22.0.jar;C:\Users\alext\.m2\repository\io\opentelemetry\opentelemetry-sdk\1.22.0\opentelemetry-sdk-1.22.0.jar;C:\Users\alext\.m2\repository\io\opentelemetry\opentelemetry-semconv\1.22.0-alpha\opentelemetry-semconv-1.22.0-alpha.jar;C:\Users\alext\.m2\repository\io\ous\jtoml\2.0.0\jtoml-2.0.0.jar;C:\Users\alext\.m2\repository\org\apache\commons\commons-exec\1.3\commons-exec-1.3.jar;C:\Users\alext\.m2\repository\org\asynchttpclient\async-http-client\2.12.3\async-http-client-2.12.3.jar;C:\Users\alext\.m2\repository\org\asynchttpclient\async-http-client-netty-utils\2.12.3\async-http-client-netty-utils-2.12.3.jar;C:\Users\alext\.m2\repository\io\netty\netty-codec-socks\4.1.60.Final\netty-codec-socks-4.1.60.Final.jar;C:\Users\alext\.m2\repository\io\netty\netty-handler-proxy\4.1.60.Final\netty-handler-proxy-4.1.60.Final.jar;C:\Users\alext\.m2\repository\io\netty\netty-transport-native-epoll\4.1.60.Final\netty-transport-native-epoll-4.1.60.Final-linux-x86_64.jar;C:\Users\alext\.m2\repository\io\netty\netty-transport-native-kqueue\4.1.60.Final\netty-transport-native-kqueue-4.1.60.Final-osx-x86_64.jar;C:\Users\alext\.m2\repository\org\reactivestreams\reactive-streams\1.0.3\reactive-streams-1.0.3.jar;C:\Users\alext\.m2\repository\com\typesafe\netty\netty-reactive-streams\2.0.4\netty-reactive-streams-2.0.4.jar;C:\Users\alext\.m2\repository\com\sun\activation\jakarta.activation\1.2.2\jakarta.activation-1.2.2.jar;C:\Users\alext\.m2\repository\org\seleniumhq\selenium\selenium-manager\4.8.1\selenium-manager-4.8.1.jar;C:\Users\alext\.m2\repository\org\seleniumhq\selenium\selenium-safari-driver\4.8.1\selenium-safari-driver-4.8.1.jar;C:\Users\alext\.m2\repository\org\testng\testng\7.3.0\testng-7.3.0.jar;C:\Users\alext\.m2\repository\com\beust\jcommander\1.78\jcommander-1.78.jar;C:\Users\alext\.m2\repository\org\apache\ant\ant\1.10.3\ant-1.10.3.jar;C:\Users\alext\.m2\repository\org\apache\ant\ant-launcher\1.10.3\ant-launcher-1.10.3.jar;C:\Users\alext\.m2\repository\com\google\inject\guice\4.2.2\guice-4.2.2-no_aop.jar;C:\Users\alext\.m2\repository\javax\inject\javax.inject\1\javax.inject-1.jar;C:\Users\alext\.m2\repository\aopalliance\aopalliance\1.0\aopalliance-1.0.jar;C:\Users\alext\.m2\repository\org\yaml\snakeyaml\1.21\snakeyaml-1.21.jar;C:\Users\alext\.m2\repository\org\seleniumhq\selenium\selenium-support\4.8.1\selenium-support-4.8.1.jar;C:\Users\alext\.m2\repository\com\google\auto\service\auto-service-annotations\1.0.1\auto-service-annotations-1.0.1.jar;C:\Users\alext\.m2\repository\com\google\auto\service\auto-service\1.0.1\auto-service-1.0.1.jar;C:\Users\alext\.m2\repository\com\google\auto\auto-common\1.2\auto-common-1.2.jar;C:\Users\alext\.m2\repository\com\google\guava\guava\31.1-jre\guava-31.1-jre.jar;C:\Users\alext\.m2\repository\com\google\guava\failureaccess\1.0.1\failureaccess-1.0.1.jar;C:\Users\alext\.m2\repository\com\google\guava\listenablefuture\9999.0-empty-to-avoid-conflict-with-guava\listenablefuture-9999.0-empty-to-avoid-conflict-with-guava.jar;C:\Users\alext\.m2\repository\com\google\code\findbugs\jsr305\3.0.2\jsr305-3.0.2.jar;C:\Users\alext\.m2\repository\org\checkerframework\checker-qual\3.12.0\checker-qual-3.12.0.jar;C:\Users\alext\.m2\repository\com\google\errorprone\error_prone_annotations\2.11.0\error_prone_annotations-2.11.0.jar;C:\Users\alext\.m2\repository\com\google\j2objc\j2objc-annotations\1.3\j2objc-annotations-1.3.jar;C:\Users\alext\.m2\repository\net\bytebuddy\byte-buddy\1.12.22\byte-buddy-1.12.22.jar;C:\Users\alext\.m2\repository\org\seleniumhq\selenium\selenium-json\4.8.1\selenium-json-4.8.1.jar;C:\Users\alext\.m2\repository\com\fasterxml\jackson\core\jackson-databind\2.16.0-rc1\jackson-databind-2.16.0-rc1.jar;C:\Users\alext\.m2\repository\com\fasterxml\jackson\core\jackson-annotations\2.16.0-rc1\jackson-annotations-2.16.0-rc1.jar;C:\Users\alext\.m2\repository\com\fasterxml\jackson\core\jackson-core\2.16.0-rc1\jackson-core-2.16.0-rc1.jar;C:\Users\alext\.m2\repository\io\github\bonigarcia\webdrivermanager\5.6.2\webdrivermanager-5.6.2.jar;C:\Users\alext\.m2\repository\org\slf4j\slf4j-api\2.0.9\slf4j-api-2.0.9.jar;C:\Users\alext\.m2\repository\com\google\code\gson\gson\2.10.1\gson-2.10.1.jar;C:\Users\alext\.m2\repository\com\github\docker-java\docker-java\3.3.4\docker-java-3.3.4.jar;C:\Users\alext\.m2\repository\com\github\docker-java\docker-java-core\3.3.4\docker-java-core-3.3.4.jar;C:\Users\alext\.m2\repository\com\github\docker-java\docker-java-api\3.3.4\docker-java-api-3.3.4.jar;C:\Users\alext\.m2\repository\commons-io\commons-io\2.13.0\commons-io-2.13.0.jar;C:\Users\alext\.m2\repository\org\bouncycastle\bcpkix-jdk18on\1.76\bcpkix-jdk18on-1.76.jar;C:\Users\alext\.m2\repository\org\bouncycastle\bcprov-jdk18on\1.76\bcprov-jdk18on-1.76.jar;C:\Users\alext\.m2\repository\org\bouncycastle\bcutil-jdk18on\1.76\bcutil-jdk18on-1.76.jar;C:\Users\alext\.m2\repository\org\slf4j\jcl-over-slf4j\1.7.30\jcl-over-slf4j-1.7.30.jar;C:\Users\alext\.m2\repository\com\github\docker-java\docker-java-transport-httpclient5\3.3.4\docker-java-transport-httpclient5-3.3.4.jar;C:\Users\alext\.m2\repository\com\github\docker-java\docker-java-transport\3.3.4\docker-java-transport-3.3.4.jar;C:\Users\alext\.m2\repository\net\java\dev\jna\jna\5.13.0\jna-5.13.0.jar;C:\Users\alext\.m2\repository\org\brotli\dec\0.1.2\dec-0.1.2.jar;C:\Users\alext\.m2\repository\org\apache\commons\commons-lang3\3.13.0\commons-lang3-3.13.0.jar;C:\Users\alext\.m2\repository\org\apache\commons\commons-compress\1.24.0\commons-compress-1.24.0.jar;C:\Users\alext\.m2\repository\org\apache\httpcomponents\client5\httpclient5\5.2.1\httpclient5-5.2.1.jar;C:\Users\alext\.m2\repository\org\apache\httpcomponents\core5\httpcore5\5.2\httpcore5-5.2.jar;C:\Users\alext\.m2\repository\org\apache\httpcomponents\core5\httpcore5-h2\5.2\httpcore5-h2-5.2.jar;C:\Users\alext\.m2\repository\io\rest-assured\rest-assured\5.4.0\rest-assured-5.4.0.jar;C:\Users\alext\.m2\repository\org\apache\groovy\groovy\4.0.16\groovy-4.0.16.jar;C:\Users\alext\.m2\repository\org\apache\groovy\groovy-xml\4.0.16\groovy-xml-4.0.16.jar;C:\Users\alext\.m2\repository\org\apache\httpcomponents\httpclient\4.5.13\httpclient-4.5.13.jar;C:\Users\alext\.m2\repository\org\apache\httpcomponents\httpcore\4.4.13\httpcore-4.4.13.jar;C:\Users\alext\.m2\repository\commons-logging\commons-logging\1.2\commons-logging-1.2.jar;C:\Users\alext\.m2\repository\commons-codec\commons-codec\1.11\commons-codec-1.11.jar;C:\Users\alext\.m2\repository\org\apache\httpcomponents\httpmime\4.5.13\httpmime-4.5.13.jar;C:\Users\alext\.m2\repository\org\hamcrest\hamcrest\2.2\hamcrest-2.2.jar;C:\Users\alext\.m2\repository\org\ccil\cowan\tagsoup\tagsoup\1.2.1\tagsoup-1.2.1.jar;C:\Users\alext\.m2\repository\io\rest-assured\json-path\5.4.0\json-path-5.4.0.jar;C:\Users\alext\.m2\repository\org\apache\groovy\groovy-json\4.0.16\groovy-json-4.0.16.jar;C:\Users\alext\.m2\repository\io\rest-assured\rest-assured-common\5.4.0\rest-assured-common-5.4.0.jar;C:\Users\alext\.m2\repository\io\rest-assured\xml-path\5.4.0\xml-path-5.4.0.jar;C:\Users\alext\.m2\repository\org\jsoup\jsoup\1.17.2\jsoup-1.17.2.jar;C:\Users\alext\.m2\repository\com\github\javafaker\javafaker\1.0.2\javafaker-1.0.2.jar;C:\Users\alext\.m2\repository\org\yaml\snakeyaml\1.23\snakeyaml-1.23-android.jar;C:\Users\alext\.m2\repository\com\github\mifmif\generex\1.0.2\generex-1.0.2.jar;C:\Users\alext\.m2\repository\dk\brics\automaton\automaton\1.11-8\automaton-1.11-8.jar;C:\Users\alext\.m2\repository\junit\junit\4.13.2\junit-4.13.2.jar;C:\Users\alext\.m2\repository\org\hamcrest\hamcrest-core\1.3\hamcrest-core-1.3.jar;C:\Users\alext\.m2\repository\com\dorkbox\PropertyLoader\1.2\PropertyLoader-1.2.jar;C:\Users\alext\.m2\repository\org\assertj\assertj-core\3.21.0\assertj-core-3.21.0.jar;C:\Users\alext\.m2\repository\io\qameta\allure\allure-testng\2.25.0\allure-testng-2.25.0.jar;C:\Users\alext\.m2\repository\io\qameta\allure\allure-java-commons\2.25.0\allure-java-commons-2.25.0.jar;C:\Users\alext\.m2\repository\io\qameta\allure\allure-model\2.25.0\allure-model-2.25.0.jar;C:\Users\alext\.m2\repository\io\qameta\allure\allure-test-filter\2.25.0\allure-test-filter-2.25.0.jar;C:\Users\alext\.m2\repository\io\qameta\allure\allure-rest-assured\2.25.0\allure-rest-assured-2.25.0.jar;C:\Users\alext\.m2\repository\io\qameta\allure\allure-attachments\2.25.0\allure-attachments-2.25.0.jar;C:\Users\alext\.m2\repository\org\freemarker\freemarker\2.3.31\freemarker-2.3.31.jar;"/>
    <property name="sun.cpu.endian" value="little"/>
    <property name="user.home" value="C:\Users\alext"/>
    <property name="user.language" value="es"/>
    <property name="java.specification.vendor" value="Oracle Corporation"/>
    <property name="java.version.date" value="2023-01-17"/>
    <property name="java.home" value="C:\Program Files\Java\jdk-17"/>
    <property name="file.separator" value="\"/>
    <property name="basedir" value="C:\Users\alext\IdeaProjects\ClipMasterFramework"/>
    <property name="java.vm.compressedOopsMode" value="Zero based"/>
    <property name="line.separator" value="&#10;"/>
    <property name="java.vm.specification.vendor" value="Oracle Corporation"/>
    <property name="java.specification.name" value="Java Platform API Specification"/>
    <property name="surefire.real.class.path" value="C:\Users\alext\AppData\Local\Temp\surefire4314111721428022823\surefirebooter9112790032651421227.jar"/>
    <property name="user.script" value=""/>
    <property name="sun.management.compiler" value="HotSpot 64-Bit Tiered Compilers"/>
    <property name="java.runtime.version" value="17.0.6+9-LTS-190"/>
    <property name="user.name" value="alext"/>
    <property name="path.separator" value=";"/>
    <property name="os.version" value="10.0"/>
    <property name="java.runtime.name" value="Java(TM) SE Runtime Environment"/>
    <property name="file.encoding" value="Cp1252"/>
    <property name="java.vm.name" value="Java HotSpot(TM) 64-Bit Server VM"/>
    <property name="localRepository" value="C:\Users\alext\.m2\repository"/>
    <property name="java.vendor.url.bug" value="https://bugreport.java.com/bugreport/"/>
    <property name="java.io.tmpdir" value="C:\Users\alext\AppData\Local\Temp\"/>
    <property name="java.version" value="17.0.6"/>
    <property name="user.dir" value="C:\Users\alext\IdeaProjects\ClipMasterFramework"/>
    <property name="os.arch" value="amd64"/>
    <property name="java.vm.specification.name" value="Java Virtual Machine Specification"/>
    <property name="sun.os.patch.level" value=""/>
    <property name="native.encoding" value="Cp1252"/>
    <property name="java.library.path" value="C:\Program Files\Java\jdk-17\bin;C:\WINDOWS\Sun\Java\bin;C:\WINDOWS\system32;C:\WINDOWS;C:\Program Files\Git\mingw64\bin;C:\Program Files\Git\usr\bin;C:\Users\alext\bin;C:\Program Files\Common Files\Oracle\Java\javapath;C:\Program Files (x86)\Common Files\Oracle\Java\javapath;C:\Windows\system32;C:\Windows;C:\Windows\System32\Wbem;C:\Windows\System32\WindowsPowerShell\v1.0;C:\Windows\System32\OpenSSH;C:\Program Files\NVIDIA Corporation\NVIDIA NvDLISR;C:\Program Files\dotnet;C:\WINDOWS\system32;C:\WINDOWS;C:\WINDOWS\System32\Wbem;C:\WINDOWS\System32\WindowsPowerShell\v1.0;C:\WINDOWS\System32\OpenSSH;C:\Program Files\Java\jdk-17\bin;%MAVEN_HOME%\bin;C:\Users\alext\Downloads\openssl-1.0.2j-fips-x86_64\OpenSSL\bin;C:\Program Files\nodejs;C:\Users\alext\OneDrive\Documentos\Maven\apache-maven-3.9.5\bin;C:\Program Files\Git\cmd;C:\Program Files\PowerShell\7;C:\Program Files\PowerShell\7-preview\preview;C:\Users\alext\scoop\shims;C:\Users\alext\AppData\Local\Microsoft\WindowsApps;C:\Users\alext\AppData\Local\Programs\Microsoft VS Code\bin;C:\Users\alext\AppData\Roaming\npm;C:\Program Files\nodejs;C:\Users\alext\AppData\Roaming\npm;C:\Users\alext\AppData\Local\gitkraken\bin;C:\Users\alext\AppData\Local\Programs\oh-my-posh\bin;."/>
    <property name="java.vm.info" value="mixed mode, sharing"/>
    <property name="java.vendor" value="Oracle Corporation"/>
    <property name="java.vm.version" value="17.0.6+9-LTS-190"/>
    <property name="sun.io.unicode.encoding" value="UnicodeLittle"/>
    <property name="java.class.version" value="61.0"/>
  </properties>
  <testcase name="CRUDForCatalog" classname="org.selenium.pom.tests.APITestCases" time="8.881">
    <system-out><![CDATA[Headers:		authority=api-gateway.payclip.com
				accept=application/vnd.com.payclip.v1+json
				accept-language=es-US,es;q=0.9
				Content-Type=application/json
Body:
{
    "email": "alextopeteperea@gmail.com",
    "password": "ATP150493i",
    "type": "LOGIN",
    "source": "M_DASHBOARD"
}
HTTP/1.1 200 OK
Date: Thu, 25 Jan 2024 21:53:26 GMT
Content-Type: application/vnd.com.payclip.v1+json;charset=UTF-8
Content-Length: 293
Connection: keep-alive
Access-Control-Allow-Headers: Content-Type, Content-Length, Accept-Encoding, X-CSRF-Token, Authorization, accept, origin, Cache-Control, X-Requested-With
Access-Control-Allow-Methods: POST, OPTIONS, GET, PUT
Access-Control-Allow-Origin: https://lending.clip.mx, https://dashboard.clip.mx, https://minegocio.clip.mx, https://factura-tu-clip.clip.mx, https://completa-tu-pago.payclip.com, https://clip.mx, https://coupons.payclip.com, https://dashboard.developer.clip.mx, https://dashboard-mfe.clip.mx, https://mf-merchant-dashboard.clip.mx, https://completa-tu-pago2.payclip.com, https://tienda.clip.mx, https://prod-web-onboarding.payclip.com, https://mfe-react-support.payclip.com, https://mfe-mobile-payment-options.payclip.com, https://mfe-business-information.payclip.com, https://mfe-transaction-details.payclip.com, https://pago.clip.mx, https://pago.clip.mx
Cache-Control: no-cache, no-store, max-age=0, must-revalidate
Expires: 0
Pragma: no-cache
Vary: Origin
X-Xss-Protection: 1; mode=block
Strict-Transport-Security: max-age=31536000; includeSubDomains; preload;
X-Frame-Options: DENY
X-Content-Type-Options: nosniff
CF-Cache-Status: DYNAMIC
Set-Cookie: __cf_bm=XTBnky7mNmF2P6QOCXubtYoeknEAmXxGesvAJ.Kq9Fg-1706219606-1-AbKjCXOxer4ZgOFa0vNbLhVbVXqK6MysJrQwTccnNX2qGA2O1aGL4rZNNSCAc6tSJN7FuhkJx4a1zQ0pRdHH+8g=; path=/; expires=Thu, 25-Jan-24 22:23:26 GMT; domain=.payclip.com; HttpOnly; Secure; SameSite=None
Server: cloudflare
CF-RAY: 84b3bfbacd1321a1-GDL

{
    "access_token": "eyJ0eXAiOiJKV1QiLCJhbGciOiJIUzI1NiJ9.eyJpZG4iOiJkKnxiXi5BYSswVzdKbnBUIiwiaGtpIjoxLCJleHAiOjE3MDkyNDM2MDYsImlhdCI6MTcwNjIxOTYwNn0.dSk2TOoanG7yoP9I8cuHEbHFweeRm1sqo23Amh7WBUs",
    "country": "MX",
    "app_version_check": {
        "status": "ALLOWED",
        "not_allowed_from": "NA"
    },
    "days_until_exp": null
}
Headers:		accept=application/vnd.com.payclip.v1+json
				accept-language=es-US,es;q=0.9
				authorization=eyJ0eXAiOiJKV1QiLCJhbGciOiJIUzI1NiJ9.eyJpZG4iOiJkKnxiXi5BYSswVzdKbnBUIiwiaGtpIjoxLCJleHAiOjE3MDkyNDM2MDYsImlhdCI6MTcwNjIxOTYwNn0.dSk2TOoanG7yoP9I8cuHEbHFweeRm1sqo23Amh7WBUs
				Content-Type=application/json
Body:
{
    "product_name": "Test product",
    "description": "Test description for product",
    "price": 20,
    "stock": null,
    "stock_alert": null,
    "modifiers": [
        
    ],
    "images": [
        
    ]
}
HTTP/1.1 200 OK
Date: Thu, 25 Jan 2024 21:53:30 GMT
Content-Type: application/json
Transfer-Encoding: chunked
Connection: keep-alive
x-amzn-RequestId: 64084517-3047-4262-aaac-9021ede5b283
access-control-allow-origin: *
x-amz-apigw-id: SHa-MHLlvHcFX4g=
access-control-allow-methods: GET, OPTIONS, POST, PATCH, DELETE
X-Amzn-Trace-Id: Root=1-65b2d85a-6da9556009f2f42b5a332a91;Sampled=0;lineage=abf4b437:0|6ef8ccce:0
X-Cache: Miss from cloudfront
Via: 1.1 086f5ef81213c5e0bcddfdbbf2eeb930.cloudfront.net (CloudFront)
X-Amz-Cf-Pop: QRO51-P2
X-Amz-Cf-Id: H0hH-SHTEZdFn_MNVgfSNEWbYJgTX_GhagEQF41ChgsJ9cfD_uPAcg==
CF-Cache-Status: DYNAMIC
Set-Cookie: __cf_bm=444Qoi7h_NuMLIOr3b3Jgzxg0m5SvUSDodhDYhHVDBk-1706219610-1-AdhA43g0viXIpy8w0iBuwGmgVS0TkOVtYNUc79pAk5hgS1wlvkOG+ZVYgqZtBt2yRgGyeV5Xv/vxv4bSCT/hWR0=; path=/; expires=Thu, 25-Jan-24 22:23:30 GMT; domain=.payclip.com; HttpOnly; Secure; SameSite=None
Server: cloudflare
CF-RAY: 84b3bfd57f9121b2-GDL
Content-Encoding: gzip

{
    "meta": {
        "type": "product"
    },
    "messages": [
        
    ],
    "data": {
        "product_id": "2f1d3084-e99e-4b57-95c9-dc9720b468ad",
        "product_name": "Test product",
        "description": "Test description for product",
        "image": null,
        "version": 1,
        "categories": [
            
        ],
        "modifiers": [
            
        ],
        "number_of_variants": 0,
        "stock": null,
        "sku": null,
        "price": 20.0,
        "attributes": [
            
        ],
        "images": [
            
        ]
    }
}
Body:			<none>
Headers:		accept=application/vnd.com.payclip.v1+json
				accept-language=es-US,es;q=0.9
				authorization=eyJ0eXAiOiJKV1QiLCJhbGciOiJIUzI1NiJ9.eyJpZG4iOiJkKnxiXi5BYSswVzdKbnBUIiwiaGtpIjoxLCJleHAiOjE3MDkyNDM2MDYsImlhdCI6MTcwNjIxOTYwNn0.dSk2TOoanG7yoP9I8cuHEbHFweeRm1sqo23Amh7WBUs
HTTP/1.1 204 No Content
Date: Thu, 25 Jan 2024 21:53:31 GMT
Content-Type: application/json
Connection: keep-alive
x-amzn-RequestId: b6e9d389-dc70-4146-807f-6715aad29fd2
access-control-allow-origin: *
x-amz-apigw-id: SHa-TEVwPHcF8MQ=
access-control-allow-methods: GET, OPTIONS, POST, PATCH, DELETE
X-Amzn-Trace-Id: Root=1-65b2d85b-20453c5d2e255ab17c763419;Sampled=1;lineage=6ef8ccce:0
X-Cache: Miss from cloudfront
Via: 1.1 76eabe4899db1a25e6e3d1a73161d5e4.cloudfront.net (CloudFront)
X-Amz-Cf-Pop: QRO51-P2
X-Amz-Cf-Id: vif4BVmE0xfE3bGHDocWCoAG-cC35fkDYnS3C47aGp1rieq3Kis2xQ==
CF-Cache-Status: DYNAMIC
Set-Cookie: __cf_bm=MHG89_hI4nrPiBvf6nfJQN5ePP5kA2PH.uVMpg99FIU-1706219611-1-Acp2Xc9IFmXs8E5c02O2B3zmVA+rbcRPj9HLfh0DXqFBpD647h+GrQpzAdurY//zQ7mjIYAGh9wvGpfGI6lohz4=; path=/; expires=Thu, 25-Jan-24 22:23:31 GMT; domain=.payclip.com; HttpOnly; Secure; SameSite=None
Server: cloudflare
CF-RAY: 84b3bfd9bcee219c-GDL
]]></system-out>
    <system-err><![CDATA[SLF4J: No SLF4J providers were found.
SLF4J: Defaulting to no-operation (NOP) logger implementation
SLF4J: See https://www.slf4j.org/codes.html#noProviders for further details.
]]></system-err>
  </testcase>
  <testcase name="CategoriesExec" classname="org.selenium.pom.tests.APITestCases" time="1.004">
    <system-out><![CDATA[Headers:		authority=api-gateway.payclip.com
				accept=application/vnd.com.payclip.v1+json
				accept-language=es-US,es;q=0.9
				Content-Type=application/json
Body:
{
    "email": "alextopeteperea@gmail.com",
    "password": "ATP150493i",
    "type": "LOGIN",
    "source": "M_DASHBOARD"
}
HTTP/1.1 200 OK
Date: Thu, 25 Jan 2024 21:53:31 GMT
Content-Type: application/vnd.com.payclip.v1+json;charset=UTF-8
Content-Length: 293
Connection: keep-alive
Access-Control-Allow-Headers: Content-Type, Content-Length, Accept-Encoding, X-CSRF-Token, Authorization, accept, origin, Cache-Control, X-Requested-With
Access-Control-Allow-Methods: POST, OPTIONS, GET, PUT
Access-Control-Allow-Origin: https://lending.clip.mx, https://dashboard.clip.mx, https://minegocio.clip.mx, https://factura-tu-clip.clip.mx, https://completa-tu-pago.payclip.com, https://clip.mx, https://coupons.payclip.com, https://dashboard.developer.clip.mx, https://dashboard-mfe.clip.mx, https://mf-merchant-dashboard.clip.mx, https://completa-tu-pago2.payclip.com, https://tienda.clip.mx, https://prod-web-onboarding.payclip.com, https://mfe-react-support.payclip.com, https://mfe-mobile-payment-options.payclip.com, https://mfe-business-information.payclip.com, https://mfe-transaction-details.payclip.com, https://pago.clip.mx, https://pago.clip.mx
Cache-Control: no-cache, no-store, max-age=0, must-revalidate
Expires: 0
Pragma: no-cache
Vary: Origin
X-Xss-Protection: 1; mode=block
Strict-Transport-Security: max-age=31536000; includeSubDomains; preload;
X-Frame-Options: DENY
X-Content-Type-Options: nosniff
CF-Cache-Status: DYNAMIC
Set-Cookie: __cf_bm=LKxIy62UKzlvpJOT5S4JN8zbtlbYu.l9PMvL9i655Tc-1706219611-1-ARYYHZDF8ybeUFF2BhMFYaIbYN0cGL4iWbamzrPMTCyvGUmwwUGPy4JdqfHaEod91vUR8muqhJnXlFNUz4cPaFc=; path=/; expires=Thu, 25-Jan-24 22:23:31 GMT; domain=.payclip.com; HttpOnly; Secure; SameSite=None
Server: cloudflare
CF-RAY: 84b3bfdc5b1f21a8-GDL

{
    "access_token": "eyJ0eXAiOiJKV1QiLCJhbGciOiJIUzI1NiJ9.eyJpZG4iOiJ0PkIlUCV0XUghbFA9KCZHIiwiaGtpIjoxLCJleHAiOjE3MDkyNDM2MTEsImlhdCI6MTcwNjIxOTYxMX0.N8c6U7y-P6HqG6m8B3iHjD3fytY2Y7y84O3UchKqC2o",
    "country": "MX",
    "app_version_check": {
        "status": "ALLOWED",
        "not_allowed_from": "NA"
    },
    "days_until_exp": null
}
Headers:		accept=application/vnd.com.payclip.v1+json
				accept-language=es-US,es;q=0.9
				authorization=eyJ0eXAiOiJKV1QiLCJhbGciOiJIUzI1NiJ9.eyJpZG4iOiJ0PkIlUCV0XUghbFA9KCZHIiwiaGtpIjoxLCJleHAiOjE3MDkyNDM2MTEsImlhdCI6MTcwNjIxOTYxMX0.N8c6U7y-P6HqG6m8B3iHjD3fytY2Y7y84O3UchKqC2o
HTTP/1.1 200 OK
Date: Thu, 25 Jan 2024 21:53:32 GMT
Content-Type: application/json
Transfer-Encoding: chunked
Connection: keep-alive
x-amzn-RequestId: 790e1a75-859a-49fd-b874-2467de01bcc7
access-control-allow-origin: *
x-amz-apigw-id: SHa-cFvzvHcFojQ=
access-control-allow-methods: GET, OPTIONS, POST, PATCH, DELETE
X-Amzn-Trace-Id: Root=1-65b2d85c-68c8489b33654d6f306f564a;Sampled=0;lineage=abf4b437:0|6ef8ccce:0
X-Cache: Miss from cloudfront
Via: 1.1 0dcf82683e3c4073ff8fa3939ae956a6.cloudfront.net (CloudFront)
X-Amz-Cf-Pop: QRO51-P2
X-Amz-Cf-Id: ND4CfNPU-Wf2c4xHd89gCEclEKJw_hjHj-NFkPGkg_bO21ndM8-kFg==
CF-Cache-Status: DYNAMIC
Set-Cookie: __cf_bm=6FBtXqFifhTb1UczGmcgr6NkkBEvtikWKKoz8a.6wQM-1706219612-1-AeFs/fpxX7Q3ludmz/zgLn+Mfwy9WcEVBGP6+88spd4CoXFln61uj8bGmy2zbA/ah5clQ3IsTOR2jEfPrzmF3DE=; path=/; expires=Thu, 25-Jan-24 22:23:32 GMT; domain=.payclip.com; HttpOnly; Secure; SameSite=None
Server: cloudflare
CF-RAY: 84b3bfdfaaed21a4-GDL
Content-Encoding: gzip

{
    "messages": [
        
    ],
    "data": [
        {
            "category_id": "de7e02fd-fb1a-4ce6-bd9c-4f3862a3117c",
            "category_name": "Fitness",
            "description": null,
            "products": [
                
            ],
            "image": null
        },
        {
            "category_id": "af2f66d9-2adb-4eb8-b292-a43a0cc609db",
            "category_name": "Home",
            "description": null,
            "products": [
                
            ],
            "image": null
        }
    ],
    "meta": {
        "type": "category"
    }
}
]]></system-out>
  </testcase>
  <testcase name="EditInvoiceInformation" classname="org.selenium.pom.tests.APITestCases" time="1.041">
    <system-out><![CDATA[Headers:		authority=api-gateway.payclip.com
				accept=application/vnd.com.payclip.v1+json
				accept-language=es-US,es;q=0.9
				Content-Type=application/json
Body:
{
    "email": "alextopeteperea@gmail.com",
    "password": "ATP150493i",
    "type": "LOGIN",
    "source": "M_DASHBOARD"
}
HTTP/1.1 200 OK
Date: Thu, 25 Jan 2024 21:53:32 GMT
Content-Type: application/vnd.com.payclip.v1+json;charset=UTF-8
Content-Length: 293
Connection: keep-alive
Access-Control-Allow-Headers: Content-Type, Content-Length, Accept-Encoding, X-CSRF-Token, Authorization, accept, origin, Cache-Control, X-Requested-With
Access-Control-Allow-Methods: POST, OPTIONS, GET, PUT
Access-Control-Allow-Origin: https://lending.clip.mx, https://dashboard.clip.mx, https://minegocio.clip.mx, https://factura-tu-clip.clip.mx, https://completa-tu-pago.payclip.com, https://clip.mx, https://coupons.payclip.com, https://dashboard.developer.clip.mx, https://dashboard-mfe.clip.mx, https://mf-merchant-dashboard.clip.mx, https://completa-tu-pago3.payclip.com, https://tienda.clip.mx, https://prod-web-onboarding.payclip.com, https://mfe-react-support.payclip.com, https://mfe-mobile-payment-options.payclip.com, https://mfe-business-information.payclip.com, https://mfe-transaction-details.payclip.com, https://pago.clip.mx
Cache-Control: no-cache, no-store, max-age=0, must-revalidate
Expires: 0
Pragma: no-cache
Vary: Origin
X-Xss-Protection: 1; mode=block
Strict-Transport-Security: max-age=31536000; includeSubDomains; preload;
X-Frame-Options: DENY
X-Content-Type-Options: nosniff
CF-Cache-Status: DYNAMIC
Set-Cookie: __cf_bm=.ED3QivvZ6i2PaejSDzaIEQKVNw_GDsp2axOiTuInqw-1706219612-1-AStwuE8e6TOdhQlCpOdtpsky0KFm3qhX8bksQ3yl/wCF86IrlC1OiEAb14X+aEKujxlX7IOOgc0SJaS/4wQZYwA=; path=/; expires=Thu, 25-Jan-24 22:23:32 GMT; domain=.payclip.com; HttpOnly; Secure; SameSite=None
Server: cloudflare
CF-RAY: 84b3bfe26e4821a7-GDL

{
    "access_token": "eyJ0eXAiOiJKV1QiLCJhbGciOiJIUzI1NiJ9.eyJpZG4iOiJ3SElvVGFIZk83LmdHLWhXIiwiaGtpIjoxLCJleHAiOjE3MDkyNDM2MTIsImlhdCI6MTcwNjIxOTYxMn0.rkcdicUA6Pu9YoG0TKcfJn2nxJxsNreTeabjv2wr83g",
    "country": "MX",
    "app_version_check": {
        "status": "ALLOWED",
        "not_allowed_from": "NA"
    },
    "days_until_exp": null
}
Body:
{
    "invoicing": {
        "tax_payer_id": "TOPA930415C93",
        "legal_entity_name": "ALEJANDRO TOPETE PEREA",
        "legal_entity_last_name": "",
        "legal_entity_second_last_name": "",
        "entity_type": "PHYSICAL",
        "fiscal_address_postal_code": "44210",
        "sat_tax_regime_code": "626",
        "sat_invoice_use_code": "G03"
    }
}
HTTP/1.1 200 OK
Date: Thu, 25 Jan 2024 21:53:33 GMT
Content-Type: application/json
Transfer-Encoding: chunked
Connection: keep-alive
x-amzn-RequestId: 5141b4dd-5c22-4201-89a6-c5e022764cb8
access-control-allow-origin: *
x-amz-apigw-id: SHa-mEJ0vHcF0rw=
access-control-allow-methods: GET, OPTIONS, POST, PATCH
X-Amzn-Trace-Id: Root=1-65b2d85d-73b797196cd1127011f73761;Sampled=0;lineage=abf4b437:0|2282a96f:0
X-Cache: Miss from cloudfront
Via: 1.1 d505899590a60b4b8def2c8d7f6e423e.cloudfront.net (CloudFront)
X-Amz-Cf-Pop: QRO51-P2
X-Amz-Cf-Id: ZuvENRcmUYGdEFvn338uVHT4rzE-MsyVPm7wIjf0HNiTl7givRfkDQ==
CF-Cache-Status: DYNAMIC
Set-Cookie: __cf_bm=ft_6f4x360D6ACQ.fpM_wwjuuqyAvnepYA8nbF1JClE-1706219613-1-ATWixHVYEaBVhdzUPYTlrhW60SXErMZxyTmmuTRUc183dYJ8XmAHaPmen2hFDDQ01fpOPUGu+km2ZDEwePAQjA4=; path=/; expires=Thu, 25-Jan-24 22:23:33 GMT; domain=.payclip.com; HttpOnly; Secure; SameSite=None
Server: cloudflare
CF-RAY: 84b3bfe60f3721b2-GDL
Content-Encoding: gzip

{
    "tax_payer_id": "TOPA930415C93",
    "legal_entity_name": "ALEJANDRO TOPETE PEREA",
    "legal_entity_last_name": "",
    "legal_entity_second_last_name": "",
    "fiscal_address_postal_code": "44210",
    "sat_tax_regime_code": "626",
    "sat_tax_regime_description": "Régimen Simplificado de Confianza",
    "sat_invoice_use_code": "G03",
    "sat_invoice_use_description": "Gastos en general",
    "entity_type": "PHYSICAL"
}
]]></system-out>
  </testcase>
  <testcase name="LoginExec" classname="org.selenium.pom.tests.APITestCases" time="0.964">
    <system-out><![CDATA[Headers:		authority=api-gateway.payclip.com
				accept=application/vnd.com.payclip.v1+json
				accept-language=es-US,es;q=0.9
				Content-Type=application/json
Body:
{
    "email": "alextopeteperea@gmail.com",
    "password": "ATP150493i",
    "type": "LOGIN",
    "source": "M_DASHBOARD"
}
HTTP/1.1 200 OK
Date: Thu, 25 Jan 2024 21:53:34 GMT
Content-Type: application/vnd.com.payclip.v1+json;charset=UTF-8
Content-Length: 293
Connection: keep-alive
Access-Control-Allow-Headers: Content-Type, Content-Length, Accept-Encoding, X-CSRF-Token, Authorization, accept, origin, Cache-Control, X-Requested-With
Access-Control-Allow-Methods: POST, OPTIONS, GET, PUT
Access-Control-Allow-Origin: https://lending.clip.mx, https://dashboard.clip.mx, https://minegocio.clip.mx, https://factura-tu-clip.clip.mx, https://completa-tu-pago.payclip.com, https://clip.mx, https://coupons.payclip.com, https://dashboard.developer.clip.mx, https://dashboard-mfe.clip.mx, https://mf-merchant-dashboard.clip.mx, https://completa-tu-pago3.payclip.com, https://tienda.clip.mx, https://prod-web-onboarding.payclip.com, https://mfe-react-support.payclip.com, https://mfe-mobile-payment-options.payclip.com, https://mfe-business-information.payclip.com, https://mfe-transaction-details.payclip.com, https://pago.clip.mx
Cache-Control: no-cache, no-store, max-age=0, must-revalidate
Expires: 0
Pragma: no-cache
Vary: Origin
X-Xss-Protection: 1; mode=block
Strict-Transport-Security: max-age=31536000; includeSubDomains; preload;
X-Frame-Options: DENY
X-Content-Type-Options: nosniff
CF-Cache-Status: DYNAMIC
Set-Cookie: __cf_bm=.DRisLpP4v_WbHTkTW.2MRYgDf..icw5exfXnvPrISg-1706219614-1-AUQrPjqs1qid6yCXmWenhuNIe1GjjNFjhp9k6voQz82Fl0FT9acCK7hKx7JEjVKCLr1Ph604deIpxNgBQ9kfv+g=; path=/; expires=Thu, 25-Jan-24 22:23:34 GMT; domain=.payclip.com; HttpOnly; Secure; SameSite=None
Server: cloudflare
CF-RAY: 84b3bfe97c5721a8-GDL

{
    "access_token": "eyJ0eXAiOiJKV1QiLCJhbGciOiJIUzI1NiJ9.eyJpZG4iOiJ6R3RiVHNiKipIXktHPFZJIiwiaGtpIjoxLCJleHAiOjE3MDkyNDM2MTQsImlhdCI6MTcwNjIxOTYxNH0.wowMCCxTiQQp6quwJAv1Et8u7L9HhSzeQDf2p99-OzI",
    "country": "MX",
    "app_version_check": {
        "status": "ALLOWED",
        "not_allowed_from": "NA"
    },
    "days_until_exp": null
}
]]></system-out>
  </testcase>
</testsuite>