<?xml version="1.0" encoding="UTF-8"?>
<!-- Generated by org.testng.reporters.JUnitReportReporter -->
<testsuite hostname="AlexDELL" failures="0" tests="4" name="org.selenium.pom.tests.APITestCases" time="11.841" errors="0" timestamp="2024-01-25T15:53:34 CST" skipped="0">
  <testcase classname="org.selenium.pom.tests.APITestCases" name="CategoriesExec" time="0.989"/>
  <system-out/>
  <testcase classname="org.selenium.pom.tests.APITestCases" name="EditInvoiceInformation" time="1.056"/>
  <system-out/>
  <testcase classname="org.selenium.pom.tests.APITestCases" name="LoginExec" time="0.964"/>
  <system-out/>
  <testcase classname="org.selenium.pom.tests.APITestCases" name="CRUDForCatalog" time="8.832"/>
  <system-out/>
</testsuite> <!-- org.selenium.pom.tests.APITestCases -->
