<?xml version="1.0" encoding="UTF-8"?>
<!-- Generated by org.testng.reporters.JUnitReportReporter -->
<testsuite hostname="AlexDELL" failures="0" tests="4" name="org.selenium.pom.tests.APITestCases" time="13.901" errors="0" timestamp="2024-01-25T13:32:33 CST" skipped="0">
  <testcase classname="org.selenium.pom.tests.APITestCases" name="LoginExec" time="0.506"/>
  <system-out/>
  <testcase classname="org.selenium.pom.tests.APITestCases" name="CategoriesExec" time="1.108"/>
  <system-out/>
  <testcase classname="org.selenium.pom.tests.APITestCases" name="CRUDForCatalog" time="11.387"/>
  <system-out/>
  <testcase classname="org.selenium.pom.tests.APITestCases" name="EditInvoiceInformation" time="0.900"/>
  <system-out/>
</testsuite> <!-- org.selenium.pom.tests.APITestCases -->
