<?xml version="1.0" encoding="UTF-8"?>
<!-- Generated by org.testng.reporters.JUnitReportReporter -->
<testsuite hostname="AlexDELL" failures="0" tests="4" name="org.selenium.pom.tests.APITestCases" time="9.522" errors="0" timestamp="2024-01-20T16:44:25 CST" skipped="0">
  <testcase classname="org.selenium.pom.tests.APITestCases" name="LoginExec" time="0.440"/>
  <system-out/>
  <testcase classname="org.selenium.pom.tests.APITestCases" name="CategoriesExec" time="1.234"/>
  <system-out/>
  <testcase classname="org.selenium.pom.tests.APITestCases" name="SingleProductExec" time="0.860"/>
  <system-out/>
  <testcase classname="org.selenium.pom.tests.APITestCases" name="CRUDForCatalog" time="6.988"/>
  <system-out/>
</testsuite> <!-- org.selenium.pom.tests.APITestCases -->
