<?xml version="1.0" encoding="UTF-8"?>
<!-- Generated by org.testng.reporters.JUnitReportReporter -->
<testsuite hostname="AlexDELL" failures="0" tests="2" name="org.selenium.pom.tests.APITestCases" time="4.328" errors="0" timestamp="2024-01-19T15:47:32 CST" skipped="0">
  <testcase classname="org.selenium.pom.tests.APITestCases" name="LoginExec" time="0.528"/>
  <system-out/>
  <testcase classname="org.selenium.pom.tests.APITestCases" name="CategoriesExec" time="3.800"/>
  <system-out/>
</testsuite> <!-- org.selenium.pom.tests.APITestCases -->
