<?xml version="1.0" encoding="UTF-8"?>
<!-- Generated by org.testng.reporters.JUnitReportReporter -->
<testsuite hostname="MacBook-Air-de-Alejandro.local" failures="0" tests="4" name="org.selenium.pom.tests.APITestCases" time="9.082" errors="0" timestamp="2024-02-20T21:59:21 CST" skipped="0">
  <testcase classname="org.selenium.pom.tests.APITestCases" name="CategoriesExec" time="1.001"/>
  <system-out/>
  <testcase classname="org.selenium.pom.tests.APITestCases" name="EditInvoiceInformation" time="2.415"/>
  <system-out/>
  <testcase classname="org.selenium.pom.tests.APITestCases" name="LoginExec" time="0.532"/>
  <system-out/>
  <testcase classname="org.selenium.pom.tests.APITestCases" name="CRUDForCatalog" time="5.134"/>
  <system-out/>
</testsuite> <!-- org.selenium.pom.tests.APITestCases -->
