<?xml version="1.0" encoding="UTF-8"?>
<!-- Generated by org.testng.reporters.JUnitReportReporter -->
<testsuite hostname="AlexDELL" failures="0" tests="3" name="org.selenium.pom.tests.APITestCases" time="13.002" errors="0" timestamp="2024-01-20T22:52:53 CST" skipped="0">
  <testcase classname="org.selenium.pom.tests.APITestCases" name="LoginExec" time="0.491"/>
  <system-out/>
  <testcase classname="org.selenium.pom.tests.APITestCases" name="CRUDForCatalog" time="11.235"/>
  <system-out/>
  <testcase classname="org.selenium.pom.tests.APITestCases" name="CategoriesExec" time="1.276"/>
  <system-out/>
</testsuite> <!-- org.selenium.pom.tests.APITestCases -->
