<?xml version="1.0" encoding="UTF-8"?>
<!-- Generated by org.testng.reporters.JUnitReportReporter -->
<testsuite hostname="AlexDELL" failures="0" tests="2" name="org.selenium.pom.tests.APITestCases" time="3.090" errors="0" timestamp="2024-01-17T22:41:14 CST" skipped="0">
  <testcase classname="org.selenium.pom.tests.APITestCases" name="APIExecution" time="1.903"/>
  <system-out/>
  <testcase classname="org.selenium.pom.tests.APITestCases" name="LoginEPExecution" time="1.187"/>
  <system-out/>
</testsuite> <!-- org.selenium.pom.tests.APITestCases -->
